[2m2024-05-16 07:54:07.187[0;39m [32m- INFO[0;39m [35m24805[0;39m [2m---[0;39m [2m[  restartedMain][0;39m [36mc.e.betr_backend.BetrBackendApplication [0;39m [2m:[0;39m Starting BetrBackendApplication using Java 17.0.8.1 with PID 24805 (/home/svp/SPE/betr_backend/target/classes started by svp in /home/svp/SPE/betr_backend)
-[2m2024-05-16 07:54:07.192[0;39m [32m- INFO[0;39m [35m24805[0;39m [2m---[0;39m [2m[  restartedMain][0;39m [36mc.e.betr_backend.BetrBackendApplication [0;39m [2m:[0;39m No active profile set, falling back to 1 default profile: "default"
-[2m2024-05-16 07:54:07.230[0;39m [32m- INFO[0;39m [35m24805[0;39m [2m---[0;39m [2m[  restartedMain][0;39m [36m.e.DevToolsPropertyDefaultsPostProcessor[0;39m [2m:[0;39m Devtools property defaults active! Set 'spring.devtools.add-properties' to 'false' to disable
-[2m2024-05-16 07:54:07.231[0;39m [32m- INFO[0;39m [35m24805[0;39m [2m---[0;39m [2m[  restartedMain][0;39m [36m.e.DevToolsPropertyDefaultsPostProcessor[0;39m [2m:[0;39m For additional web related logging consider setting the 'logging.level.web' property to 'DEBUG'
-[2m2024-05-16 07:54:07.623[0;39m [32m- INFO[0;39m [35m24805[0;39m [2m---[0;39m [2m[  restartedMain][0;39m [36m.s.d.r.c.RepositoryConfigurationDelegate[0;39m [2m:[0;39m Bootstrapping Spring Data JPA repositories in DEFAULT mode.
-[2m2024-05-16 07:54:07.661[0;39m [32m- INFO[0;39m [35m24805[0;39m [2m---[0;39m [2m[  restartedMain][0;39m [36m.s.d.r.c.RepositoryConfigurationDelegate[0;39m [2m:[0;39m Finished Spring Data repository scanning in 33 ms. Found 5 JPA repository interfaces.
-[2m2024-05-16 07:54:07.946[0;39m [32m- INFO[0;39m [35m24805[0;39m [2m---[0;39m [2m[  restartedMain][0;39m [36mo.s.b.w.embedded.tomcat.TomcatWebServer [0;39m [2m:[0;39m Tomcat initialized with port 1306 (http)
-[2m2024-05-16 07:54:07.952[0;39m [32m- INFO[0;39m [35m24805[0;39m [2m---[0;39m [2m[  restartedMain][0;39m [36mo.apache.catalina.core.StandardService  [0;39m [2m:[0;39m Starting service [Tomcat]
-[2m2024-05-16 07:54:07.952[0;39m [32m- INFO[0;39m [35m24805[0;39m [2m---[0;39m [2m[  restartedMain][0;39m [36mo.apache.catalina.core.StandardEngine   [0;39m [2m:[0;39m Starting Servlet engine: [Apache Tomcat/10.1.20]
-[2m2024-05-16 07:54:07.976[0;39m [32m- INFO[0;39m [35m24805[0;39m [2m---[0;39m [2m[  restartedMain][0;39m [36mo.a.c.c.C.[Tomcat].[localhost].[/]      [0;39m [2m:[0;39m Initializing Spring embedded WebApplicationContext
-[2m2024-05-16 07:54:07.977[0;39m [32m- INFO[0;39m [35m24805[0;39m [2m---[0;39m [2m[  restartedMain][0;39m [36mw.s.c.ServletWebServerApplicationContext[0;39m [2m:[0;39m Root WebApplicationContext: initialization completed in 746 ms
-[2m2024-05-16 07:54:08.057[0;39m [32m- INFO[0;39m [35m24805[0;39m [2m---[0;39m [2m[  restartedMain][0;39m [36mo.hibernate.jpa.internal.util.LogHelper [0;39m [2m:[0;39m HHH000204: Processing PersistenceUnitInfo [name: default]
-[2m2024-05-16 07:54:08.078[0;39m [32m- INFO[0;39m [35m24805[0;39m [2m---[0;39m [2m[  restartedMain][0;39m [36morg.hibernate.Version                   [0;39m [2m:[0;39m HHH000412: Hibernate ORM core version 6.4.4.Final
-[2m2024-05-16 07:54:08.092[0;39m [32m- INFO[0;39m [35m24805[0;39m [2m---[0;39m [2m[  restartedMain][0;39m [36mo.h.c.internal.RegionFactoryInitiator   [0;39m [2m:[0;39m HHH000026: Second-level cache disabled
-[2m2024-05-16 07:54:08.246[0;39m [32m- INFO[0;39m [35m24805[0;39m [2m---[0;39m [2m[  restartedMain][0;39m [36mo.s.o.j.p.SpringPersistenceUnitInfo     [0;39m [2m:[0;39m No LoadTimeWeaver setup: ignoring JPA class transformer
-[2m2024-05-16 07:54:08.265[0;39m [32m- INFO[0;39m [35m24805[0;39m [2m---[0;39m [2m[  restartedMain][0;39m [36mcom.zaxxer.hikari.HikariDataSource      [0;39m [2m:[0;39m HikariPool-1 - Starting...
-[2m2024-05-16 07:54:08.435[0;39m [32m- INFO[0;39m [35m24805[0;39m [2m---[0;39m [2m[  restartedMain][0;39m [36mcom.zaxxer.hikari.pool.HikariPool       [0;39m [2m:[0;39m HikariPool-1 - Added connection com.mysql.cj.jdbc.ConnectionImpl@1355374f
-[2m2024-05-16 07:54:08.436[0;39m [32m- INFO[0;39m [35m24805[0;39m [2m---[0;39m [2m[  restartedMain][0;39m [36mcom.zaxxer.hikari.HikariDataSource      [0;39m [2m:[0;39m HikariPool-1 - Start completed.
-[2m2024-05-16 07:54:09.030[0;39m [32m- INFO[0;39m [35m24805[0;39m [2m---[0;39m [2m[  restartedMain][0;39m [36mo.h.e.t.j.p.i.JtaPlatformInitiator      [0;39m [2m:[0;39m HHH000489: No JTA platform available (set 'hibernate.transaction.jta.platform' to enable JTA platform integration)
-[2m2024-05-16 07:54:09.107[0;39m [32m- INFO[0;39m [35m24805[0;39m [2m---[0;39m [2m[  restartedMain][0;39m [36mj.LocalContainerEntityManagerFactoryBean[0;39m [2m:[0;39m Initialized JPA EntityManagerFactory for persistence unit 'default'
-[2m2024-05-16 07:54:09.229[0;39m [32m- INFO[0;39m [35m24805[0;39m [2m---[0;39m [2m[  restartedMain][0;39m [36mo.s.d.j.r.query.QueryEnhancerFactory    [0;39m [2m:[0;39m Hibernate is in classpath; If applicable, HQL parser will be used.
-[2m2024-05-16 07:54:09.452[0;39m [33m- WARN[0;39m [35m24805[0;39m [2m---[0;39m [2m[  restartedMain][0;39m [36mConfigServletWebServerApplicationContext[0;39m [2m:[0;39m Exception encountered during context initialization - cancelling refresh attempt: org.springframework.beans.factory.UnsatisfiedDependencyException: Error creating bean with name 'budgetCtrller': Unsatisfied dependency expressed through field 'bs': Error creating bean with name 'budgetService': Unsatisfied dependency expressed through field 'us': Error creating bean with name 'userService': Unsatisfied dependency expressed through field 'ur': Error creating bean with name 'userRepo' defined in com.example.betr_backend.Repositories.UserRepo defined in @EnableJpaRepositories declared on JpaRepositoriesRegistrar.EnableJpaRepositoriesConfiguration: Could not create query for public abstract com.example.betr_backend.Entities.User com.example.betr_backend.Repositories.UserRepo.findByUsernameAndPassword(java.lang.String,java.lang.String); Reason: Validation failed for query for method public abstract com.example.betr_backend.Entities.User com.example.betr_backend.Repositories.UserRepo.findByUsernameAndPassword(java.lang.String,java.lang.String)
-[2m2024-05-16 07:54:09.453[0;39m [32m- INFO[0;39m [35m24805[0;39m [2m---[0;39m [2m[  restartedMain][0;39m [36mj.LocalContainerEntityManagerFactoryBean[0;39m [2m:[0;39m Closing JPA EntityManagerFactory for persistence unit 'default'
-[2m2024-05-16 07:54:09.455[0;39m [32m- INFO[0;39m [35m24805[0;39m [2m---[0;39m [2m[  restartedMain][0;39m [36mcom.zaxxer.hikari.HikariDataSource      [0;39m [2m:[0;39m HikariPool-1 - Shutdown initiated...
-[2m2024-05-16 07:54:09.460[0;39m [32m- INFO[0;39m [35m24805[0;39m [2m---[0;39m [2m[  restartedMain][0;39m [36mcom.zaxxer.hikari.HikariDataSource      [0;39m [2m:[0;39m HikariPool-1 - Shutdown completed.
-[2m2024-05-16 07:54:09.463[0;39m [32m- INFO[0;39m [35m24805[0;39m [2m---[0;39m [2m[  restartedMain][0;39m [36mo.apache.catalina.core.StandardService  [0;39m [2m:[0;39m Stopping service [Tomcat]
-[2m2024-05-16 07:54:09.470[0;39m [32m- INFO[0;39m [35m24805[0;39m [2m---[0;39m [2m[  restartedMain][0;39m [36m.s.b.a.l.ConditionEvaluationReportLogger[0;39m [2m:[0;39m 

Error starting ApplicationContext. To display the condition evaluation report re-run your application with 'debug' enabled.
-[2m2024-05-16 07:54:09.479[0;39m [31m-ERROR[0;39m [35m24805[0;39m [2m---[0;39m [2m[  restartedMain][0;39m [36mo.s.boot.SpringApplication              [0;39m [2m:[0;39m Application run failed
-
org.springframework.beans.factory.UnsatisfiedDependencyException: Error creating bean with name 'budgetCtrller': Unsatisfied dependency expressed through field 'bs': Error creating bean with name 'budgetService': Unsatisfied dependency expressed through field 'us': Error creating bean with name 'userService': Unsatisfied dependency expressed through field 'ur': Error creating bean with name 'userRepo' defined in com.example.betr_backend.Repositories.UserRepo defined in @EnableJpaRepositories declared on JpaRepositoriesRegistrar.EnableJpaRepositoriesConfiguration: Could not create query for public abstract com.example.betr_backend.Entities.User com.example.betr_backend.Repositories.UserRepo.findByUsernameAndPassword(java.lang.String,java.lang.String); Reason: Validation failed for query for method public abstract com.example.betr_backend.Entities.User com.example.betr_backend.Repositories.UserRepo.findByUsernameAndPassword(java.lang.String,java.lang.String)
	at org.springframework.beans.factory.annotation.AutowiredAnnotationBeanPostProcessor$AutowiredFieldElement.resolveFieldValue(AutowiredAnnotationBeanPostProcessor.java:787) ~[spring-beans-6.1.6.jar:6.1.6]
	at org.springframework.beans.factory.annotation.AutowiredAnnotationBeanPostProcessor$AutowiredFieldElement.inject(AutowiredAnnotationBeanPostProcessor.java:767) ~[spring-beans-6.1.6.jar:6.1.6]
	at org.springframework.beans.factory.annotation.InjectionMetadata.inject(InjectionMetadata.java:145) ~[spring-beans-6.1.6.jar:6.1.6]
	at org.springframework.beans.factory.annotation.AutowiredAnnotationBeanPostProcessor.postProcessProperties(AutowiredAnnotationBeanPostProcessor.java:508) ~[spring-beans-6.1.6.jar:6.1.6]
	at org.springframework.beans.factory.support.AbstractAutowireCapableBeanFactory.populateBean(AbstractAutowireCapableBeanFactory.java:1419) ~[spring-beans-6.1.6.jar:6.1.6]
	at org.springframework.beans.factory.support.AbstractAutowireCapableBeanFactory.doCreateBean(AbstractAutowireCapableBeanFactory.java:599) ~[spring-beans-6.1.6.jar:6.1.6]
	at org.springframework.beans.factory.support.AbstractAutowireCapableBeanFactory.createBean(AbstractAutowireCapableBeanFactory.java:522) ~[spring-beans-6.1.6.jar:6.1.6]
	at org.springframework.beans.factory.support.AbstractBeanFactory.lambda$doGetBean$0(AbstractBeanFactory.java:326) ~[spring-beans-6.1.6.jar:6.1.6]
	at org.springframework.beans.factory.support.DefaultSingletonBeanRegistry.getSingleton(DefaultSingletonBeanRegistry.java:234) ~[spring-beans-6.1.6.jar:6.1.6]
	at org.springframework.beans.factory.support.AbstractBeanFactory.doGetBean(AbstractBeanFactory.java:324) ~[spring-beans-6.1.6.jar:6.1.6]
	at org.springframework.beans.factory.support.AbstractBeanFactory.getBean(AbstractBeanFactory.java:200) ~[spring-beans-6.1.6.jar:6.1.6]
	at org.springframework.beans.factory.support.DefaultListableBeanFactory.preInstantiateSingletons(DefaultListableBeanFactory.java:975) ~[spring-beans-6.1.6.jar:6.1.6]
	at org.springframework.context.support.AbstractApplicationContext.finishBeanFactoryInitialization(AbstractApplicationContext.java:962) ~[spring-context-6.1.6.jar:6.1.6]
	at org.springframework.context.support.AbstractApplicationContext.refresh(AbstractApplicationContext.java:624) ~[spring-context-6.1.6.jar:6.1.6]
	at org.springframework.boot.web.servlet.context.ServletWebServerApplicationContext.refresh(ServletWebServerApplicationContext.java:146) ~[spring-boot-3.2.5.jar:3.2.5]
	at org.springframework.boot.SpringApplication.refresh(SpringApplication.java:754) ~[spring-boot-3.2.5.jar:3.2.5]
	at org.springframework.boot.SpringApplication.refreshContext(SpringApplication.java:456) ~[spring-boot-3.2.5.jar:3.2.5]
	at org.springframework.boot.SpringApplication.run(SpringApplication.java:334) ~[spring-boot-3.2.5.jar:3.2.5]
	at org.springframework.boot.SpringApplication.run(SpringApplication.java:1354) ~[spring-boot-3.2.5.jar:3.2.5]
	at org.springframework.boot.SpringApplication.run(SpringApplication.java:1343) ~[spring-boot-3.2.5.jar:3.2.5]
	at com.example.betr_backend.BetrBackendApplication.main(BetrBackendApplication.java:14) ~[classes/:na]
	at java.base/jdk.internal.reflect.NativeMethodAccessorImpl.invoke0(Native Method) ~[na:na]
	at java.base/jdk.internal.reflect.NativeMethodAccessorImpl.invoke(NativeMethodAccessorImpl.java:77) ~[na:na]
	at java.base/jdk.internal.reflect.DelegatingMethodAccessorImpl.invoke(DelegatingMethodAccessorImpl.java:43) ~[na:na]
	at java.base/java.lang.reflect.Method.invoke(Method.java:568) ~[na:na]
	at org.springframework.boot.devtools.restart.RestartLauncher.run(RestartLauncher.java:50) ~[spring-boot-devtools-3.2.5.jar:3.2.5]
Caused by: org.springframework.beans.factory.UnsatisfiedDependencyException: Error creating bean with name 'budgetService': Unsatisfied dependency expressed through field 'us': Error creating bean with name 'userService': Unsatisfied dependency expressed through field 'ur': Error creating bean with name 'userRepo' defined in com.example.betr_backend.Repositories.UserRepo defined in @EnableJpaRepositories declared on JpaRepositoriesRegistrar.EnableJpaRepositoriesConfiguration: Could not create query for public abstract com.example.betr_backend.Entities.User com.example.betr_backend.Repositories.UserRepo.findByUsernameAndPassword(java.lang.String,java.lang.String); Reason: Validation failed for query for method public abstract com.example.betr_backend.Entities.User com.example.betr_backend.Repositories.UserRepo.findByUsernameAndPassword(java.lang.String,java.lang.String)
	at org.springframework.beans.factory.annotation.AutowiredAnnotationBeanPostProcessor$AutowiredFieldElement.resolveFieldValue(AutowiredAnnotationBeanPostProcessor.java:787) ~[spring-beans-6.1.6.jar:6.1.6]
	at org.springframework.beans.factory.annotation.AutowiredAnnotationBeanPostProcessor$AutowiredFieldElement.inject(AutowiredAnnotationBeanPostProcessor.java:767) ~[spring-beans-6.1.6.jar:6.1.6]
	at org.springframework.beans.factory.annotation.InjectionMetadata.inject(InjectionMetadata.java:145) ~[spring-beans-6.1.6.jar:6.1.6]
	at org.springframework.beans.factory.annotation.AutowiredAnnotationBeanPostProcessor.postProcessProperties(AutowiredAnnotationBeanPostProcessor.java:508) ~[spring-beans-6.1.6.jar:6.1.6]
	at org.springframework.beans.factory.support.AbstractAutowireCapableBeanFactory.populateBean(AbstractAutowireCapableBeanFactory.java:1419) ~[spring-beans-6.1.6.jar:6.1.6]
	at org.springframework.beans.factory.support.AbstractAutowireCapableBeanFactory.doCreateBean(AbstractAutowireCapableBeanFactory.java:599) ~[spring-beans-6.1.6.jar:6.1.6]
	at org.springframework.beans.factory.support.AbstractAutowireCapableBeanFactory.createBean(AbstractAutowireCapableBeanFactory.java:522) ~[spring-beans-6.1.6.jar:6.1.6]
	at org.springframework.beans.factory.support.AbstractBeanFactory.lambda$doGetBean$0(AbstractBeanFactory.java:326) ~[spring-beans-6.1.6.jar:6.1.6]
	at org.springframework.beans.factory.support.DefaultSingletonBeanRegistry.getSingleton(DefaultSingletonBeanRegistry.java:234) ~[spring-beans-6.1.6.jar:6.1.6]
	at org.springframework.beans.factory.support.AbstractBeanFactory.doGetBean(AbstractBeanFactory.java:324) ~[spring-beans-6.1.6.jar:6.1.6]
	at org.springframework.beans.factory.support.AbstractBeanFactory.getBean(AbstractBeanFactory.java:200) ~[spring-beans-6.1.6.jar:6.1.6]
	at org.springframework.beans.factory.config.DependencyDescriptor.resolveCandidate(DependencyDescriptor.java:254) ~[spring-beans-6.1.6.jar:6.1.6]
	at org.springframework.beans.factory.support.DefaultListableBeanFactory.doResolveDependency(DefaultListableBeanFactory.java:1443) ~[spring-beans-6.1.6.jar:6.1.6]
	at org.springframework.beans.factory.support.DefaultListableBeanFactory.resolveDependency(DefaultListableBeanFactory.java:1353) ~[spring-beans-6.1.6.jar:6.1.6]
	at org.springframework.beans.factory.annotation.AutowiredAnnotationBeanPostProcessor$AutowiredFieldElement.resolveFieldValue(AutowiredAnnotationBeanPostProcessor.java:784) ~[spring-beans-6.1.6.jar:6.1.6]
	... 25 common frames omitted
Caused by: org.springframework.beans.factory.UnsatisfiedDependencyException: Error creating bean with name 'userService': Unsatisfied dependency expressed through field 'ur': Error creating bean with name 'userRepo' defined in com.example.betr_backend.Repositories.UserRepo defined in @EnableJpaRepositories declared on JpaRepositoriesRegistrar.EnableJpaRepositoriesConfiguration: Could not create query for public abstract com.example.betr_backend.Entities.User com.example.betr_backend.Repositories.UserRepo.findByUsernameAndPassword(java.lang.String,java.lang.String); Reason: Validation failed for query for method public abstract com.example.betr_backend.Entities.User com.example.betr_backend.Repositories.UserRepo.findByUsernameAndPassword(java.lang.String,java.lang.String)
	at org.springframework.beans.factory.annotation.AutowiredAnnotationBeanPostProcessor$AutowiredFieldElement.resolveFieldValue(AutowiredAnnotationBeanPostProcessor.java:787) ~[spring-beans-6.1.6.jar:6.1.6]
	at org.springframework.beans.factory.annotation.AutowiredAnnotationBeanPostProcessor$AutowiredFieldElement.inject(AutowiredAnnotationBeanPostProcessor.java:767) ~[spring-beans-6.1.6.jar:6.1.6]
	at org.springframework.beans.factory.annotation.InjectionMetadata.inject(InjectionMetadata.java:145) ~[spring-beans-6.1.6.jar:6.1.6]
	at org.springframework.beans.factory.annotation.AutowiredAnnotationBeanPostProcessor.postProcessProperties(AutowiredAnnotationBeanPostProcessor.java:508) ~[spring-beans-6.1.6.jar:6.1.6]
	at org.springframework.beans.factory.support.AbstractAutowireCapableBeanFactory.populateBean(AbstractAutowireCapableBeanFactory.java:1419) ~[spring-beans-6.1.6.jar:6.1.6]
	at org.springframework.beans.factory.support.AbstractAutowireCapableBeanFactory.doCreateBean(AbstractAutowireCapableBeanFactory.java:599) ~[spring-beans-6.1.6.jar:6.1.6]
	at org.springframework.beans.factory.support.AbstractAutowireCapableBeanFactory.createBean(AbstractAutowireCapableBeanFactory.java:522) ~[spring-beans-6.1.6.jar:6.1.6]
	at org.springframework.beans.factory.support.AbstractBeanFactory.lambda$doGetBean$0(AbstractBeanFactory.java:326) ~[spring-beans-6.1.6.jar:6.1.6]
	at org.springframework.beans.factory.support.DefaultSingletonBeanRegistry.getSingleton(DefaultSingletonBeanRegistry.java:234) ~[spring-beans-6.1.6.jar:6.1.6]
	at org.springframework.beans.factory.support.AbstractBeanFactory.doGetBean(AbstractBeanFactory.java:324) ~[spring-beans-6.1.6.jar:6.1.6]
	at org.springframework.beans.factory.support.AbstractBeanFactory.getBean(AbstractBeanFactory.java:200) ~[spring-beans-6.1.6.jar:6.1.6]
	at org.springframework.beans.factory.config.DependencyDescriptor.resolveCandidate(DependencyDescriptor.java:254) ~[spring-beans-6.1.6.jar:6.1.6]
	at org.springframework.beans.factory.support.DefaultListableBeanFactory.doResolveDependency(DefaultListableBeanFactory.java:1443) ~[spring-beans-6.1.6.jar:6.1.6]
	at org.springframework.beans.factory.support.DefaultListableBeanFactory.resolveDependency(DefaultListableBeanFactory.java:1353) ~[spring-beans-6.1.6.jar:6.1.6]
	at org.springframework.beans.factory.annotation.AutowiredAnnotationBeanPostProcessor$AutowiredFieldElement.resolveFieldValue(AutowiredAnnotationBeanPostProcessor.java:784) ~[spring-beans-6.1.6.jar:6.1.6]
	... 39 common frames omitted
Caused by: org.springframework.beans.factory.BeanCreationException: Error creating bean with name 'userRepo' defined in com.example.betr_backend.Repositories.UserRepo defined in @EnableJpaRepositories declared on JpaRepositoriesRegistrar.EnableJpaRepositoriesConfiguration: Could not create query for public abstract com.example.betr_backend.Entities.User com.example.betr_backend.Repositories.UserRepo.findByUsernameAndPassword(java.lang.String,java.lang.String); Reason: Validation failed for query for method public abstract com.example.betr_backend.Entities.User com.example.betr_backend.Repositories.UserRepo.findByUsernameAndPassword(java.lang.String,java.lang.String)
	at org.springframework.beans.factory.support.AbstractAutowireCapableBeanFactory.initializeBean(AbstractAutowireCapableBeanFactory.java:1786) ~[spring-beans-6.1.6.jar:6.1.6]
	at org.springframework.beans.factory.support.AbstractAutowireCapableBeanFactory.doCreateBean(AbstractAutowireCapableBeanFactory.java:600) ~[spring-beans-6.1.6.jar:6.1.6]
	at org.springframework.beans.factory.support.AbstractAutowireCapableBeanFactory.createBean(AbstractAutowireCapableBeanFactory.java:522) ~[spring-beans-6.1.6.jar:6.1.6]
	at org.springframework.beans.factory.support.AbstractBeanFactory.lambda$doGetBean$0(AbstractBeanFactory.java:326) ~[spring-beans-6.1.6.jar:6.1.6]
	at org.springframework.beans.factory.support.DefaultSingletonBeanRegistry.getSingleton(DefaultSingletonBeanRegistry.java:234) ~[spring-beans-6.1.6.jar:6.1.6]
	at org.springframework.beans.factory.support.AbstractBeanFactory.doGetBean(AbstractBeanFactory.java:324) ~[spring-beans-6.1.6.jar:6.1.6]
	at org.springframework.beans.factory.support.AbstractBeanFactory.getBean(AbstractBeanFactory.java:200) ~[spring-beans-6.1.6.jar:6.1.6]
	at org.springframework.beans.factory.config.DependencyDescriptor.resolveCandidate(DependencyDescriptor.java:254) ~[spring-beans-6.1.6.jar:6.1.6]
	at org.springframework.beans.factory.support.DefaultListableBeanFactory.doResolveDependency(DefaultListableBeanFactory.java:1443) ~[spring-beans-6.1.6.jar:6.1.6]
	at org.springframework.beans.factory.support.DefaultListableBeanFactory.resolveDependency(DefaultListableBeanFactory.java:1353) ~[spring-beans-6.1.6.jar:6.1.6]
	at org.springframework.beans.factory.annotation.AutowiredAnnotationBeanPostProcessor$AutowiredFieldElement.resolveFieldValue(AutowiredAnnotationBeanPostProcessor.java:784) ~[spring-beans-6.1.6.jar:6.1.6]
	... 53 common frames omitted
Caused by: org.springframework.data.repository.query.QueryCreationException: Could not create query for public abstract com.example.betr_backend.Entities.User com.example.betr_backend.Repositories.UserRepo.findByUsernameAndPassword(java.lang.String,java.lang.String); Reason: Validation failed for query for method public abstract com.example.betr_backend.Entities.User com.example.betr_backend.Repositories.UserRepo.findByUsernameAndPassword(java.lang.String,java.lang.String)
	at org.springframework.data.repository.query.QueryCreationException.create(QueryCreationException.java:101) ~[spring-data-commons-3.2.5.jar:3.2.5]
	at org.springframework.data.repository.core.support.QueryExecutorMethodInterceptor.lookupQuery(QueryExecutorMethodInterceptor.java:115) ~[spring-data-commons-3.2.5.jar:3.2.5]
	at org.springframework.data.repository.core.support.QueryExecutorMethodInterceptor.mapMethodsToQuery(QueryExecutorMethodInterceptor.java:99) ~[spring-data-commons-3.2.5.jar:3.2.5]
	at org.springframework.data.repository.core.support.QueryExecutorMethodInterceptor.lambda$new$0(QueryExecutorMethodInterceptor.java:88) ~[spring-data-commons-3.2.5.jar:3.2.5]
	at java.base/java.util.Optional.map(Optional.java:260) ~[na:na]
	at org.springframework.data.repository.core.support.QueryExecutorMethodInterceptor.<init>(QueryExecutorMethodInterceptor.java:88) ~[spring-data-commons-3.2.5.jar:3.2.5]
	at org.springframework.data.repository.core.support.RepositoryFactorySupport.getRepository(RepositoryFactorySupport.java:357) ~[spring-data-commons-3.2.5.jar:3.2.5]
	at org.springframework.data.repository.core.support.RepositoryFactoryBeanSupport.lambda$afterPropertiesSet$5(RepositoryFactoryBeanSupport.java:279) ~[spring-data-commons-3.2.5.jar:3.2.5]
	at org.springframework.data.util.Lazy.getNullable(Lazy.java:135) ~[spring-data-commons-3.2.5.jar:3.2.5]
	at org.springframework.data.util.Lazy.get(Lazy.java:113) ~[spring-data-commons-3.2.5.jar:3.2.5]
	at org.springframework.data.repository.core.support.RepositoryFactoryBeanSupport.afterPropertiesSet(RepositoryFactoryBeanSupport.java:285) ~[spring-data-commons-3.2.5.jar:3.2.5]
	at org.springframework.data.jpa.repository.support.JpaRepositoryFactoryBean.afterPropertiesSet(JpaRepositoryFactoryBean.java:132) ~[spring-data-jpa-3.2.5.jar:3.2.5]
	at org.springframework.beans.factory.support.AbstractAutowireCapableBeanFactory.invokeInitMethods(AbstractAutowireCapableBeanFactory.java:1833) ~[spring-beans-6.1.6.jar:6.1.6]
	at org.springframework.beans.factory.support.AbstractAutowireCapableBeanFactory.initializeBean(AbstractAutowireCapableBeanFactory.java:1782) ~[spring-beans-6.1.6.jar:6.1.6]
	... 63 common frames omitted
Caused by: java.lang.IllegalArgumentException: Validation failed for query for method public abstract com.example.betr_backend.Entities.User com.example.betr_backend.Repositories.UserRepo.findByUsernameAndPassword(java.lang.String,java.lang.String)
	at org.springframework.data.jpa.repository.query.SimpleJpaQuery.validateQuery(SimpleJpaQuery.java:100) ~[spring-data-jpa-3.2.5.jar:3.2.5]
	at org.springframework.data.jpa.repository.query.SimpleJpaQuery.<init>(SimpleJpaQuery.java:70) ~[spring-data-jpa-3.2.5.jar:3.2.5]
	at org.springframework.data.jpa.repository.query.JpaQueryFactory.fromMethodWithQueryString(JpaQueryFactory.java:60) ~[spring-data-jpa-3.2.5.jar:3.2.5]
	at org.springframework.data.jpa.repository.query.JpaQueryLookupStrategy$DeclaredQueryLookupStrategy.resolveQuery(JpaQueryLookupStrategy.java:170) ~[spring-data-jpa-3.2.5.jar:3.2.5]
	at org.springframework.data.jpa.repository.query.JpaQueryLookupStrategy$CreateIfNotFoundQueryLookupStrategy.resolveQuery(JpaQueryLookupStrategy.java:252) ~[spring-data-jpa-3.2.5.jar:3.2.5]
	at org.springframework.data.jpa.repository.query.JpaQueryLookupStrategy$AbstractQueryLookupStrategy.resolveQuery(JpaQueryLookupStrategy.java:95) ~[spring-data-jpa-3.2.5.jar:3.2.5]
	at org.springframework.data.repository.core.support.QueryExecutorMethodInterceptor.lookupQuery(QueryExecutorMethodInterceptor.java:111) ~[spring-data-commons-3.2.5.jar:3.2.5]
	... 75 common frames omitted
Caused by: java.lang.IllegalArgumentException: org.hibernate.query.sqm.UnknownPathException: Could not resolve attribute 'password' of 'com.example.betr_backend.Entities.User' [SELECT u FROM User u WHERE u.username = :username AND u.password = :password]
	at org.hibernate.internal.ExceptionConverterImpl.convert(ExceptionConverterImpl.java:143) ~[hibernate-core-6.4.4.Final.jar:6.4.4.Final]
	at org.hibernate.internal.ExceptionConverterImpl.convert(ExceptionConverterImpl.java:167) ~[hibernate-core-6.4.4.Final.jar:6.4.4.Final]
	at org.hibernate.internal.ExceptionConverterImpl.convert(ExceptionConverterImpl.java:173) ~[hibernate-core-6.4.4.Final.jar:6.4.4.Final]
	at org.hibernate.internal.AbstractSharedSessionContract.createQuery(AbstractSharedSessionContract.java:848) ~[hibernate-core-6.4.4.Final.jar:6.4.4.Final]
	at org.hibernate.internal.AbstractSharedSessionContract.createQuery(AbstractSharedSessionContract.java:753) ~[hibernate-core-6.4.4.Final.jar:6.4.4.Final]
	at org.hibernate.internal.AbstractSharedSessionContract.createQuery(AbstractSharedSessionContract.java:136) ~[hibernate-core-6.4.4.Final.jar:6.4.4.Final]
	at java.base/jdk.internal.reflect.NativeMethodAccessorImpl.invoke0(Native Method) ~[na:na]
	at java.base/jdk.internal.reflect.NativeMethodAccessorImpl.invoke(NativeMethodAccessorImpl.java:77) ~[na:na]
	at java.base/jdk.internal.reflect.DelegatingMethodAccessorImpl.invoke(DelegatingMethodAccessorImpl.java:43) ~[na:na]
	at java.base/java.lang.reflect.Method.invoke(Method.java:568) ~[na:na]
	at org.springframework.orm.jpa.ExtendedEntityManagerCreator$ExtendedEntityManagerInvocationHandler.invoke(ExtendedEntityManagerCreator.java:364) ~[spring-orm-6.1.6.jar:6.1.6]
	at jdk.proxy4/jdk.proxy4.$Proxy121.createQuery(Unknown Source) ~[na:na]
	at org.springframework.data.jpa.repository.query.SimpleJpaQuery.validateQuery(SimpleJpaQuery.java:94) ~[spring-data-jpa-3.2.5.jar:3.2.5]
	... 81 common frames omitted
Caused by: org.hibernate.query.sqm.UnknownPathException: Could not resolve attribute 'password' of 'com.example.betr_backend.Entities.User' [SELECT u FROM User u WHERE u.username = :username AND u.password = :password]
	at org.hibernate.query.hql.internal.StandardHqlTranslator.translate(StandardHqlTranslator.java:87) ~[hibernate-core-6.4.4.Final.jar:6.4.4.Final]
	at org.hibernate.query.internal.QueryInterpretationCacheStandardImpl.createHqlInterpretation(QueryInterpretationCacheStandardImpl.java:165) ~[hibernate-core-6.4.4.Final.jar:6.4.4.Final]
	at org.hibernate.query.internal.QueryInterpretationCacheStandardImpl.resolveHqlInterpretation(QueryInterpretationCacheStandardImpl.java:147) ~[hibernate-core-6.4.4.Final.jar:6.4.4.Final]
	at org.hibernate.internal.AbstractSharedSessionContract.interpretHql(AbstractSharedSessionContract.java:790) ~[hibernate-core-6.4.4.Final.jar:6.4.4.Final]
	at org.hibernate.internal.AbstractSharedSessionContract.createQuery(AbstractSharedSessionContract.java:840) ~[hibernate-core-6.4.4.Final.jar:6.4.4.Final]
	... 90 common frames omitted
Caused by: org.hibernate.query.sqm.PathElementException: Could not resolve attribute 'password' of 'com.example.betr_backend.Entities.User'
	at org.hibernate.query.sqm.SqmPathSource.getSubPathSource(SqmPathSource.java:95) ~[hibernate-core-6.4.4.Final.jar:6.4.4.Final]
	at org.hibernate.query.sqm.tree.domain.AbstractSqmPath.get(AbstractSqmPath.java:202) ~[hibernate-core-6.4.4.Final.jar:6.4.4.Final]
	at org.hibernate.query.sqm.tree.domain.AbstractSqmFrom.resolvePathPart(AbstractSqmFrom.java:196) ~[hibernate-core-6.4.4.Final.jar:6.4.4.Final]
	at org.hibernate.query.hql.internal.DomainPathPart.resolvePathPart(DomainPathPart.java:42) ~[hibernate-core-6.4.4.Final.jar:6.4.4.Final]
	at org.hibernate.query.hql.internal.BasicDotIdentifierConsumer.consumeIdentifier(BasicDotIdentifierConsumer.java:91) ~[hibernate-core-6.4.4.Final.jar:6.4.4.Final]
	at org.hibernate.query.hql.internal.SemanticQueryBuilder.visitSimplePath(SemanticQueryBuilder.java:5060) ~[hibernate-core-6.4.4.Final.jar:6.4.4.Final]
	at org.hibernate.query.hql.internal.SemanticQueryBuilder.visitIndexedPathAccessFragment(SemanticQueryBuilder.java:5009) ~[hibernate-core-6.4.4.Final.jar:6.4.4.Final]
	at org.hibernate.query.hql.internal.SemanticQueryBuilder.visitGeneralPathFragment(SemanticQueryBuilder.java:4984) ~[hibernate-core-6.4.4.Final.jar:6.4.4.Final]
	at org.hibernate.query.hql.internal.SemanticQueryBuilder.visitGeneralPathExpression(SemanticQueryBuilder.java:1776) ~[hibernate-core-6.4.4.Final.jar:6.4.4.Final]
	at org.hibernate.grammars.hql.HqlParser$GeneralPathExpressionContext.accept(HqlParser.java:7699) ~[hibernate-core-6.4.4.Final.jar:6.4.4.Final]
	at org.antlr.v4.runtime.tree.AbstractParseTreeVisitor.visitChildren(AbstractParseTreeVisitor.java:46) ~[antlr4-runtime-4.13.0.jar:4.13.0]
	at org.hibernate.grammars.hql.HqlParserBaseVisitor.visitBarePrimaryExpression(HqlParserBaseVisitor.java:756) ~[hibernate-core-6.4.4.Final.jar:6.4.4.Final]
	at org.hibernate.grammars.hql.HqlParser$BarePrimaryExpressionContext.accept(HqlParser.java:7157) ~[hibernate-core-6.4.4.Final.jar:6.4.4.Final]
	at org.hibernate.query.hql.internal.SemanticQueryBuilder.createComparisonPredicate(SemanticQueryBuilder.java:2429) ~[hibernate-core-6.4.4.Final.jar:6.4.4.Final]
	at org.hibernate.query.hql.internal.SemanticQueryBuilder.visitComparisonPredicate(SemanticQueryBuilder.java:2392) ~[hibernate-core-6.4.4.Final.jar:6.4.4.Final]
	at org.hibernate.query.hql.internal.SemanticQueryBuilder.visitComparisonPredicate(SemanticQueryBuilder.java:269) ~[hibernate-core-6.4.4.Final.jar:6.4.4.Final]
	at org.hibernate.grammars.hql.HqlParser$ComparisonPredicateContext.accept(HqlParser.java:6164) ~[hibernate-core-6.4.4.Final.jar:6.4.4.Final]
	at org.hibernate.query.hql.internal.SemanticQueryBuilder.visitAndPredicate(SemanticQueryBuilder.java:2262) ~[hibernate-core-6.4.4.Final.jar:6.4.4.Final]
	at org.hibernate.query.hql.internal.SemanticQueryBuilder.visitAndPredicate(SemanticQueryBuilder.java:269) ~[hibernate-core-6.4.4.Final.jar:6.4.4.Final]
	at org.hibernate.grammars.hql.HqlParser$AndPredicateContext.accept(HqlParser.java:6039) ~[hibernate-core-6.4.4.Final.jar:6.4.4.Final]
	at org.hibernate.query.hql.internal.SemanticQueryBuilder.visitWhereClause(SemanticQueryBuilder.java:2244) ~[hibernate-core-6.4.4.Final.jar:6.4.4.Final]
	at org.hibernate.query.hql.internal.SemanticQueryBuilder.visitWhereClause(SemanticQueryBuilder.java:269) ~[hibernate-core-6.4.4.Final.jar:6.4.4.Final]
	at org.hibernate.grammars.hql.HqlParser$WhereClauseContext.accept(HqlParser.java:5905) ~[hibernate-core-6.4.4.Final.jar:6.4.4.Final]
	at org.hibernate.query.hql.internal.SemanticQueryBuilder.visitQuery(SemanticQueryBuilder.java:1159) ~[hibernate-core-6.4.4.Final.jar:6.4.4.Final]
	at org.hibernate.query.hql.internal.SemanticQueryBuilder.visitQuerySpecExpression(SemanticQueryBuilder.java:941) ~[hibernate-core-6.4.4.Final.jar:6.4.4.Final]
	at org.hibernate.query.hql.internal.SemanticQueryBuilder.visitQuerySpecExpression(SemanticQueryBuilder.java:269) ~[hibernate-core-6.4.4.Final.jar:6.4.4.Final]
	at org.hibernate.grammars.hql.HqlParser$QuerySpecExpressionContext.accept(HqlParser.java:1869) ~[hibernate-core-6.4.4.Final.jar:6.4.4.Final]
	at org.hibernate.query.hql.internal.SemanticQueryBuilder.visitSimpleQueryGroup(SemanticQueryBuilder.java:926) ~[hibernate-core-6.4.4.Final.jar:6.4.4.Final]
	at org.hibernate.query.hql.internal.SemanticQueryBuilder.visitSimpleQueryGroup(SemanticQueryBuilder.java:269) ~[hibernate-core-6.4.4.Final.jar:6.4.4.Final]
	at org.hibernate.grammars.hql.HqlParser$SimpleQueryGroupContext.accept(HqlParser.java:1740) ~[hibernate-core-6.4.4.Final.jar:6.4.4.Final]
	at org.hibernate.query.hql.internal.SemanticQueryBuilder.visitSelectStatement(SemanticQueryBuilder.java:443) ~[hibernate-core-6.4.4.Final.jar:6.4.4.Final]
	at org.hibernate.query.hql.internal.SemanticQueryBuilder.visitStatement(SemanticQueryBuilder.java:402) ~[hibernate-core-6.4.4.Final.jar:6.4.4.Final]
	at org.hibernate.query.hql.internal.SemanticQueryBuilder.buildSemanticModel(SemanticQueryBuilder.java:311) ~[hibernate-core-6.4.4.Final.jar:6.4.4.Final]
	at org.hibernate.query.hql.internal.StandardHqlTranslator.translate(StandardHqlTranslator.java:71) ~[hibernate-core-6.4.4.Final.jar:6.4.4.Final]
	... 94 common frames omitted

[2m2024-05-16 07:54:48.523[0;39m [32m- INFO[0;39m [35m24943[0;39m [2m---[0;39m [2m[  restartedMain][0;39m [36mc.e.betr_backend.BetrBackendApplication [0;39m [2m:[0;39m Starting BetrBackendApplication using Java 17.0.8.1 with PID 24943 (/home/svp/SPE/betr_backend/target/classes started by svp in /home/svp/SPE/betr_backend)
-[2m2024-05-16 07:54:48.525[0;39m [32m- INFO[0;39m [35m24943[0;39m [2m---[0;39m [2m[  restartedMain][0;39m [36mc.e.betr_backend.BetrBackendApplication [0;39m [2m:[0;39m No active profile set, falling back to 1 default profile: "default"
-[2m2024-05-16 07:54:48.573[0;39m [32m- INFO[0;39m [35m24943[0;39m [2m---[0;39m [2m[  restartedMain][0;39m [36m.e.DevToolsPropertyDefaultsPostProcessor[0;39m [2m:[0;39m Devtools property defaults active! Set 'spring.devtools.add-properties' to 'false' to disable
-[2m2024-05-16 07:54:48.573[0;39m [32m- INFO[0;39m [35m24943[0;39m [2m---[0;39m [2m[  restartedMain][0;39m [36m.e.DevToolsPropertyDefaultsPostProcessor[0;39m [2m:[0;39m For additional web related logging consider setting the 'logging.level.web' property to 'DEBUG'
-[2m2024-05-16 07:54:49.010[0;39m [32m- INFO[0;39m [35m24943[0;39m [2m---[0;39m [2m[  restartedMain][0;39m [36m.s.d.r.c.RepositoryConfigurationDelegate[0;39m [2m:[0;39m Bootstrapping Spring Data JPA repositories in DEFAULT mode.
-[2m2024-05-16 07:54:49.046[0;39m [32m- INFO[0;39m [35m24943[0;39m [2m---[0;39m [2m[  restartedMain][0;39m [36m.s.d.r.c.RepositoryConfigurationDelegate[0;39m [2m:[0;39m Finished Spring Data repository scanning in 31 ms. Found 5 JPA repository interfaces.
-[2m2024-05-16 07:54:49.316[0;39m [32m- INFO[0;39m [35m24943[0;39m [2m---[0;39m [2m[  restartedMain][0;39m [36mo.s.b.w.embedded.tomcat.TomcatWebServer [0;39m [2m:[0;39m Tomcat initialized with port 1306 (http)
-[2m2024-05-16 07:54:49.322[0;39m [32m- INFO[0;39m [35m24943[0;39m [2m---[0;39m [2m[  restartedMain][0;39m [36mo.apache.catalina.core.StandardService  [0;39m [2m:[0;39m Starting service [Tomcat]
-[2m2024-05-16 07:54:49.322[0;39m [32m- INFO[0;39m [35m24943[0;39m [2m---[0;39m [2m[  restartedMain][0;39m [36mo.apache.catalina.core.StandardEngine   [0;39m [2m:[0;39m Starting Servlet engine: [Apache Tomcat/10.1.20]
-[2m2024-05-16 07:54:49.348[0;39m [32m- INFO[0;39m [35m24943[0;39m [2m---[0;39m [2m[  restartedMain][0;39m [36mo.a.c.c.C.[Tomcat].[localhost].[/]      [0;39m [2m:[0;39m Initializing Spring embedded WebApplicationContext
-[2m2024-05-16 07:54:49.348[0;39m [32m- INFO[0;39m [35m24943[0;39m [2m---[0;39m [2m[  restartedMain][0;39m [36mw.s.c.ServletWebServerApplicationContext[0;39m [2m:[0;39m Root WebApplicationContext: initialization completed in 774 ms
-[2m2024-05-16 07:54:49.446[0;39m [32m- INFO[0;39m [35m24943[0;39m [2m---[0;39m [2m[  restartedMain][0;39m [36mo.hibernate.jpa.internal.util.LogHelper [0;39m [2m:[0;39m HHH000204: Processing PersistenceUnitInfo [name: default]
-[2m2024-05-16 07:54:49.471[0;39m [32m- INFO[0;39m [35m24943[0;39m [2m---[0;39m [2m[  restartedMain][0;39m [36morg.hibernate.Version                   [0;39m [2m:[0;39m HHH000412: Hibernate ORM core version 6.4.4.Final
-[2m2024-05-16 07:54:49.488[0;39m [32m- INFO[0;39m [35m24943[0;39m [2m---[0;39m [2m[  restartedMain][0;39m [36mo.h.c.internal.RegionFactoryInitiator   [0;39m [2m:[0;39m HHH000026: Second-level cache disabled
-[2m2024-05-16 07:54:49.652[0;39m [32m- INFO[0;39m [35m24943[0;39m [2m---[0;39m [2m[  restartedMain][0;39m [36mo.s.o.j.p.SpringPersistenceUnitInfo     [0;39m [2m:[0;39m No LoadTimeWeaver setup: ignoring JPA class transformer
-[2m2024-05-16 07:54:49.665[0;39m [32m- INFO[0;39m [35m24943[0;39m [2m---[0;39m [2m[  restartedMain][0;39m [36mcom.zaxxer.hikari.HikariDataSource      [0;39m [2m:[0;39m HikariPool-1 - Starting...
-[2m2024-05-16 07:54:49.819[0;39m [32m- INFO[0;39m [35m24943[0;39m [2m---[0;39m [2m[  restartedMain][0;39m [36mcom.zaxxer.hikari.pool.HikariPool       [0;39m [2m:[0;39m HikariPool-1 - Added connection com.mysql.cj.jdbc.ConnectionImpl@3d0c07b8
-[2m2024-05-16 07:54:49.820[0;39m [32m- INFO[0;39m [35m24943[0;39m [2m---[0;39m [2m[  restartedMain][0;39m [36mcom.zaxxer.hikari.HikariDataSource      [0;39m [2m:[0;39m HikariPool-1 - Start completed.
-[2m2024-05-16 07:54:50.459[0;39m [32m- INFO[0;39m [35m24943[0;39m [2m---[0;39m [2m[  restartedMain][0;39m [36mo.h.e.t.j.p.i.JtaPlatformInitiator      [0;39m [2m:[0;39m HHH000489: No JTA platform available (set 'hibernate.transaction.jta.platform' to enable JTA platform integration)
-[2m2024-05-16 07:54:50.536[0;39m [32m- INFO[0;39m [35m24943[0;39m [2m---[0;39m [2m[  restartedMain][0;39m [36mj.LocalContainerEntityManagerFactoryBean[0;39m [2m:[0;39m Initialized JPA EntityManagerFactory for persistence unit 'default'
-[2m2024-05-16 07:54:50.675[0;39m [32m- INFO[0;39m [35m24943[0;39m [2m---[0;39m [2m[  restartedMain][0;39m [36mo.s.d.j.r.query.QueryEnhancerFactory    [0;39m [2m:[0;39m Hibernate is in classpath; If applicable, HQL parser will be used.
-[2m2024-05-16 07:54:51.013[0;39m [33m- WARN[0;39m [35m24943[0;39m [2m---[0;39m [2m[  restartedMain][0;39m [36mJpaBaseConfiguration$JpaWebConfiguration[0;39m [2m:[0;39m spring.jpa.open-in-view is enabled by default. Therefore, database queries may be performed during view rendering. Explicitly configure spring.jpa.open-in-view to disable this warning
-[2m2024-05-16 07:54:51.179[0;39m [32m- INFO[0;39m [35m24943[0;39m [2m---[0;39m [2m[  restartedMain][0;39m [36mo.s.b.d.a.OptionalLiveReloadServer      [0;39m [2m:[0;39m LiveReload server is running on port 35729
-[2m2024-05-16 07:54:51.197[0;39m [32m- INFO[0;39m [35m24943[0;39m [2m---[0;39m [2m[  restartedMain][0;39m [36mo.s.b.w.embedded.tomcat.TomcatWebServer [0;39m [2m:[0;39m Tomcat started on port 1306 (http) with context path ''
-[2m2024-05-16 07:54:51.203[0;39m [32m- INFO[0;39m [35m24943[0;39m [2m---[0;39m [2m[  restartedMain][0;39m [36mc.e.betr_backend.BetrBackendApplication [0;39m [2m:[0;39m Started BetrBackendApplication in 3.001 seconds (process running for 3.399)
-[2m2024-05-16 07:55:44.121[0;39m [32m- INFO[0;39m [35m24943[0;39m [2m---[0;39m [2m[nio-1306-exec-2][0;39m [36mo.a.c.c.C.[Tomcat].[localhost].[/]      [0;39m [2m:[0;39m Initializing Spring DispatcherServlet 'dispatcherServlet'
-[2m2024-05-16 07:55:44.122[0;39m [32m- INFO[0;39m [35m24943[0;39m [2m---[0;39m [2m[nio-1306-exec-2][0;39m [36mo.s.web.servlet.DispatcherServlet       [0;39m [2m:[0;39m Initializing Servlet 'dispatcherServlet'
-[2m2024-05-16 07:55:44.123[0;39m [32m- INFO[0;39m [35m24943[0;39m [2m---[0;39m [2m[nio-1306-exec-2][0;39m [36mo.s.web.servlet.DispatcherServlet       [0;39m [2m:[0;39m Completed initialization in 0 ms
-[2m2024-05-16 08:02:27.129[0;39m [32m- INFO[0;39m [35m24943[0;39m [2m---[0;39m [2m[ionShutdownHook][0;39m [36mj.LocalContainerEntityManagerFactoryBean[0;39m [2m:[0;39m Closing JPA EntityManagerFactory for persistence unit 'default'
-[2m2024-05-16 08:02:27.133[0;39m [32m- INFO[0;39m [35m24943[0;39m [2m---[0;39m [2m[ionShutdownHook][0;39m [36mcom.zaxxer.hikari.HikariDataSource      [0;39m [2m:[0;39m HikariPool-1 - Shutdown initiated...
-[2m2024-05-16 08:02:27.142[0;39m [32m- INFO[0;39m [35m24943[0;39m [2m---[0;39m [2m[ionShutdownHook][0;39m [36mcom.zaxxer.hikari.HikariDataSource      [0;39m [2m:[0;39m HikariPool-1 - Shutdown completed.
-[2m2024-05-16 08:02:30.738[0;39m [32m- INFO[0;39m [35m25505[0;39m [2m---[0;39m [2m[  restartedMain][0;39m [36mc.e.betr_backend.BetrBackendApplication [0;39m [2m:[0;39m Starting BetrBackendApplication using Java 17.0.8.1 with PID 25505 (/home/svp/SPE/betr_backend/target/classes started by svp in /home/svp/SPE/betr_backend)
-[2m2024-05-16 08:02:30.740[0;39m [32m- INFO[0;39m [35m25505[0;39m [2m---[0;39m [2m[  restartedMain][0;39m [36mc.e.betr_backend.BetrBackendApplication [0;39m [2m:[0;39m No active profile set, falling back to 1 default profile: "default"
-[2m2024-05-16 08:02:30.784[0;39m [32m- INFO[0;39m [35m25505[0;39m [2m---[0;39m [2m[  restartedMain][0;39m [36m.e.DevToolsPropertyDefaultsPostProcessor[0;39m [2m:[0;39m Devtools property defaults active! Set 'spring.devtools.add-properties' to 'false' to disable
-[2m2024-05-16 08:02:30.784[0;39m [32m- INFO[0;39m [35m25505[0;39m [2m---[0;39m [2m[  restartedMain][0;39m [36m.e.DevToolsPropertyDefaultsPostProcessor[0;39m [2m:[0;39m For additional web related logging consider setting the 'logging.level.web' property to 'DEBUG'
-[2m2024-05-16 08:02:31.203[0;39m [32m- INFO[0;39m [35m25505[0;39m [2m---[0;39m [2m[  restartedMain][0;39m [36m.s.d.r.c.RepositoryConfigurationDelegate[0;39m [2m:[0;39m Bootstrapping Spring Data JPA repositories in DEFAULT mode.
-[2m2024-05-16 08:02:31.241[0;39m [32m- INFO[0;39m [35m25505[0;39m [2m---[0;39m [2m[  restartedMain][0;39m [36m.s.d.r.c.RepositoryConfigurationDelegate[0;39m [2m:[0;39m Finished Spring Data repository scanning in 34 ms. Found 5 JPA repository interfaces.
-[2m2024-05-16 08:02:31.524[0;39m [32m- INFO[0;39m [35m25505[0;39m [2m---[0;39m [2m[  restartedMain][0;39m [36mo.s.b.w.embedded.tomcat.TomcatWebServer [0;39m [2m:[0;39m Tomcat initialized with port 1306 (http)
-[2m2024-05-16 08:02:31.529[0;39m [32m- INFO[0;39m [35m25505[0;39m [2m---[0;39m [2m[  restartedMain][0;39m [36mo.apache.catalina.core.StandardService  [0;39m [2m:[0;39m Starting service [Tomcat]
-[2m2024-05-16 08:02:31.529[0;39m [32m- INFO[0;39m [35m25505[0;39m [2m---[0;39m [2m[  restartedMain][0;39m [36mo.apache.catalina.core.StandardEngine   [0;39m [2m:[0;39m Starting Servlet engine: [Apache Tomcat/10.1.20]
-[2m2024-05-16 08:02:31.550[0;39m [32m- INFO[0;39m [35m25505[0;39m [2m---[0;39m [2m[  restartedMain][0;39m [36mo.a.c.c.C.[Tomcat].[localhost].[/]      [0;39m [2m:[0;39m Initializing Spring embedded WebApplicationContext
-[2m2024-05-16 08:02:31.550[0;39m [32m- INFO[0;39m [35m25505[0;39m [2m---[0;39m [2m[  restartedMain][0;39m [36mw.s.c.ServletWebServerApplicationContext[0;39m [2m:[0;39m Root WebApplicationContext: initialization completed in 765 ms
-[2m2024-05-16 08:02:31.623[0;39m [32m- INFO[0;39m [35m25505[0;39m [2m---[0;39m [2m[  restartedMain][0;39m [36mo.hibernate.jpa.internal.util.LogHelper [0;39m [2m:[0;39m HHH000204: Processing PersistenceUnitInfo [name: default]
-[2m2024-05-16 08:02:31.643[0;39m [32m- INFO[0;39m [35m25505[0;39m [2m---[0;39m [2m[  restartedMain][0;39m [36morg.hibernate.Version                   [0;39m [2m:[0;39m HHH000412: Hibernate ORM core version 6.4.4.Final
-[2m2024-05-16 08:02:31.656[0;39m [32m- INFO[0;39m [35m25505[0;39m [2m---[0;39m [2m[  restartedMain][0;39m [36mo.h.c.internal.RegionFactoryInitiator   [0;39m [2m:[0;39m HHH000026: Second-level cache disabled
-[2m2024-05-16 08:02:31.784[0;39m [32m- INFO[0;39m [35m25505[0;39m [2m---[0;39m [2m[  restartedMain][0;39m [36mo.s.o.j.p.SpringPersistenceUnitInfo     [0;39m [2m:[0;39m No LoadTimeWeaver setup: ignoring JPA class transformer
-[2m2024-05-16 08:02:31.806[0;39m [32m- INFO[0;39m [35m25505[0;39m [2m---[0;39m [2m[  restartedMain][0;39m [36mcom.zaxxer.hikari.HikariDataSource      [0;39m [2m:[0;39m HikariPool-1 - Starting...
-[2m2024-05-16 08:02:31.989[0;39m [32m- INFO[0;39m [35m25505[0;39m [2m---[0;39m [2m[  restartedMain][0;39m [36mcom.zaxxer.hikari.pool.HikariPool       [0;39m [2m:[0;39m HikariPool-1 - Added connection com.mysql.cj.jdbc.ConnectionImpl@63346501
-[2m2024-05-16 08:02:31.990[0;39m [32m- INFO[0;39m [35m25505[0;39m [2m---[0;39m [2m[  restartedMain][0;39m [36mcom.zaxxer.hikari.HikariDataSource      [0;39m [2m:[0;39m HikariPool-1 - Start completed.
-[2m2024-05-16 08:02:32.567[0;39m [32m- INFO[0;39m [35m25505[0;39m [2m---[0;39m [2m[  restartedMain][0;39m [36mo.h.e.t.j.p.i.JtaPlatformInitiator      [0;39m [2m:[0;39m HHH000489: No JTA platform available (set 'hibernate.transaction.jta.platform' to enable JTA platform integration)
-[2m2024-05-16 08:02:32.640[0;39m [32m- INFO[0;39m [35m25505[0;39m [2m---[0;39m [2m[  restartedMain][0;39m [36mj.LocalContainerEntityManagerFactoryBean[0;39m [2m:[0;39m Initialized JPA EntityManagerFactory for persistence unit 'default'
-[2m2024-05-16 08:02:32.764[0;39m [32m- INFO[0;39m [35m25505[0;39m [2m---[0;39m [2m[  restartedMain][0;39m [36mo.s.d.j.r.query.QueryEnhancerFactory    [0;39m [2m:[0;39m Hibernate is in classpath; If applicable, HQL parser will be used.
-[2m2024-05-16 08:02:33.108[0;39m [33m- WARN[0;39m [35m25505[0;39m [2m---[0;39m [2m[  restartedMain][0;39m [36mJpaBaseConfiguration$JpaWebConfiguration[0;39m [2m:[0;39m spring.jpa.open-in-view is enabled by default. Therefore, database queries may be performed during view rendering. Explicitly configure spring.jpa.open-in-view to disable this warning
-[2m2024-05-16 08:02:33.281[0;39m [32m- INFO[0;39m [35m25505[0;39m [2m---[0;39m [2m[  restartedMain][0;39m [36mo.s.b.d.a.OptionalLiveReloadServer      [0;39m [2m:[0;39m LiveReload server is running on port 35729
-[2m2024-05-16 08:02:33.302[0;39m [32m- INFO[0;39m [35m25505[0;39m [2m---[0;39m [2m[  restartedMain][0;39m [36mo.s.b.w.embedded.tomcat.TomcatWebServer [0;39m [2m:[0;39m Tomcat started on port 1306 (http) with context path ''
-[2m2024-05-16 08:02:33.309[0;39m [32m- INFO[0;39m [35m25505[0;39m [2m---[0;39m [2m[  restartedMain][0;39m [36mc.e.betr_backend.BetrBackendApplication [0;39m [2m:[0;39m Started BetrBackendApplication in 2.872 seconds (process running for 3.242)
-[2m2024-05-16 08:02:44.660[0;39m [32m- INFO[0;39m [35m25505[0;39m [2m---[0;39m [2m[ionShutdownHook][0;39m [36mj.LocalContainerEntityManagerFactoryBean[0;39m [2m:[0;39m Closing JPA EntityManagerFactory for persistence unit 'default'
-[2m2024-05-16 08:02:44.663[0;39m [32m- INFO[0;39m [35m25505[0;39m [2m---[0;39m [2m[ionShutdownHook][0;39m [36mcom.zaxxer.hikari.HikariDataSource      [0;39m [2m:[0;39m HikariPool-1 - Shutdown initiated...
-[2m2024-05-16 08:02:44.669[0;39m [32m- INFO[0;39m [35m25505[0;39m [2m---[0;39m [2m[ionShutdownHook][0;39m [36mcom.zaxxer.hikari.HikariDataSource      [0;39m [2m:[0;39m HikariPool-1 - Shutdown completed.
-2024-05-16 08:02:59.456 - INFO 25677 --- [           main] c.e.b.BetrBackendApplicationTests        : Starting BetrBackendApplicationTests using Java 17.0.8.1 with PID 25677 (started by svp in /home/svp/SPE/betr_backend)
-2024-05-16 08:02:59.457 - INFO 25677 --- [           main] c.e.b.BetrBackendApplicationTests        : No active profile set, falling back to 1 default profile: "default"
-2024-05-16 08:02:59.855 - INFO 25677 --- [           main] .s.d.r.c.RepositoryConfigurationDelegate : Bootstrapping Spring Data JPA repositories in DEFAULT mode.
-2024-05-16 08:02:59.911 - INFO 25677 --- [           main] .s.d.r.c.RepositoryConfigurationDelegate : Finished Spring Data repository scanning in 43 ms. Found 5 JPA repository interfaces.
-2024-05-16 08:03:00.158 - INFO 25677 --- [           main] o.hibernate.jpa.internal.util.LogHelper  : HHH000204: Processing PersistenceUnitInfo [name: default]
-2024-05-16 08:03:00.197 - INFO 25677 --- [           main] org.hibernate.Version                    : HHH000412: Hibernate ORM core version 6.4.4.Final
-2024-05-16 08:03:00.221 - INFO 25677 --- [           main] o.h.c.internal.RegionFactoryInitiator    : HHH000026: Second-level cache disabled
-2024-05-16 08:03:00.357 - INFO 25677 --- [           main] o.s.o.j.p.SpringPersistenceUnitInfo      : No LoadTimeWeaver setup: ignoring JPA class transformer
-2024-05-16 08:03:00.373 - INFO 25677 --- [           main] com.zaxxer.hikari.HikariDataSource       : HikariPool-1 - Starting...
-2024-05-16 08:03:00.585 - INFO 25677 --- [           main] com.zaxxer.hikari.pool.HikariPool        : HikariPool-1 - Added connection com.mysql.cj.jdbc.ConnectionImpl@63a84bb6
-2024-05-16 08:03:00.587 - INFO 25677 --- [           main] com.zaxxer.hikari.HikariDataSource       : HikariPool-1 - Start completed.
-2024-05-16 08:03:01.248 - INFO 25677 --- [           main] o.h.e.t.j.p.i.JtaPlatformInitiator       : HHH000489: No JTA platform available (set 'hibernate.transaction.jta.platform' to enable JTA platform integration)
-2024-05-16 08:03:01.343 - INFO 25677 --- [           main] j.LocalContainerEntityManagerFactoryBean : Initialized JPA EntityManagerFactory for persistence unit 'default'
-2024-05-16 08:03:01.569 - INFO 25677 --- [           main] o.s.d.j.r.query.QueryEnhancerFactory     : Hibernate is in classpath; If applicable, HQL parser will be used.
-2024-05-16 08:03:02.001 - WARN 25677 --- [           main] JpaBaseConfiguration$JpaWebConfiguration : spring.jpa.open-in-view is enabled by default. Therefore, database queries may be performed during view rendering. Explicitly configure spring.jpa.open-in-view to disable this warning
-2024-05-16 08:03:02.241 - INFO 25677 --- [           main] c.e.b.BetrBackendApplicationTests        : Started BetrBackendApplicationTests in 2.999 seconds (process running for 3.652)
-2024-05-16 08:03:02.684 - INFO 25677 --- [ionShutdownHook] j.LocalContainerEntityManagerFactoryBean : Closing JPA EntityManagerFactory for persistence unit 'default'
-2024-05-16 08:03:02.686 - INFO 25677 --- [ionShutdownHook] com.zaxxer.hikari.HikariDataSource       : HikariPool-1 - Shutdown initiated...
-2024-05-16 08:03:02.692 - INFO 25677 --- [ionShutdownHook] com.zaxxer.hikari.HikariDataSource       : HikariPool-1 - Shutdown completed.
-[2m2024-05-16 08:21:29.016[0;39m [32m- INFO[0;39m [35m26300[0;39m [2m---[0;39m [2m[  restartedMain][0;39m [36mc.e.betr_backend.BetrBackendApplication [0;39m [2m:[0;39m Starting BetrBackendApplication using Java 17.0.8.1 with PID 26300 (/home/svp/SPE/betr_backend/target/classes started by svp in /home/svp/SPE/betr_backend)
-[2m2024-05-16 08:21:29.018[0;39m [32m- INFO[0;39m [35m26300[0;39m [2m---[0;39m [2m[  restartedMain][0;39m [36mc.e.betr_backend.BetrBackendApplication [0;39m [2m:[0;39m No active profile set, falling back to 1 default profile: "default"
-[2m2024-05-16 08:21:29.086[0;39m [32m- INFO[0;39m [35m26300[0;39m [2m---[0;39m [2m[  restartedMain][0;39m [36m.e.DevToolsPropertyDefaultsPostProcessor[0;39m [2m:[0;39m Devtools property defaults active! Set 'spring.devtools.add-properties' to 'false' to disable
-[2m2024-05-16 08:21:29.086[0;39m [32m- INFO[0;39m [35m26300[0;39m [2m---[0;39m [2m[  restartedMain][0;39m [36m.e.DevToolsPropertyDefaultsPostProcessor[0;39m [2m:[0;39m For additional web related logging consider setting the 'logging.level.web' property to 'DEBUG'
-[2m2024-05-16 08:21:29.498[0;39m [32m- INFO[0;39m [35m26300[0;39m [2m---[0;39m [2m[  restartedMain][0;39m [36m.s.d.r.c.RepositoryConfigurationDelegate[0;39m [2m:[0;39m Bootstrapping Spring Data JPA repositories in DEFAULT mode.
-[2m2024-05-16 08:21:29.533[0;39m [32m- INFO[0;39m [35m26300[0;39m [2m---[0;39m [2m[  restartedMain][0;39m [36m.s.d.r.c.RepositoryConfigurationDelegate[0;39m [2m:[0;39m Finished Spring Data repository scanning in 30 ms. Found 5 JPA repository interfaces.
-[2m2024-05-16 08:21:29.817[0;39m [32m- INFO[0;39m [35m26300[0;39m [2m---[0;39m [2m[  restartedMain][0;39m [36mo.s.b.w.embedded.tomcat.TomcatWebServer [0;39m [2m:[0;39m Tomcat initialized with port 1306 (http)
-[2m2024-05-16 08:21:29.822[0;39m [32m- INFO[0;39m [35m26300[0;39m [2m---[0;39m [2m[  restartedMain][0;39m [36mo.apache.catalina.core.StandardService  [0;39m [2m:[0;39m Starting service [Tomcat]
-[2m2024-05-16 08:21:29.822[0;39m [32m- INFO[0;39m [35m26300[0;39m [2m---[0;39m [2m[  restartedMain][0;39m [36mo.apache.catalina.core.StandardEngine   [0;39m [2m:[0;39m Starting Servlet engine: [Apache Tomcat/10.1.20]
-[2m2024-05-16 08:21:29.844[0;39m [32m- INFO[0;39m [35m26300[0;39m [2m---[0;39m [2m[  restartedMain][0;39m [36mo.a.c.c.C.[Tomcat].[localhost].[/]      [0;39m [2m:[0;39m Initializing Spring embedded WebApplicationContext
-[2m2024-05-16 08:21:29.844[0;39m [32m- INFO[0;39m [35m26300[0;39m [2m---[0;39m [2m[  restartedMain][0;39m [36mw.s.c.ServletWebServerApplicationContext[0;39m [2m:[0;39m Root WebApplicationContext: initialization completed in 757 ms
-[2m2024-05-16 08:21:29.927[0;39m [32m- INFO[0;39m [35m26300[0;39m [2m---[0;39m [2m[  restartedMain][0;39m [36mo.hibernate.jpa.internal.util.LogHelper [0;39m [2m:[0;39m HHH000204: Processing PersistenceUnitInfo [name: default]
-[2m2024-05-16 08:21:29.951[0;39m [32m- INFO[0;39m [35m26300[0;39m [2m---[0;39m [2m[  restartedMain][0;39m [36morg.hibernate.Version                   [0;39m [2m:[0;39m HHH000412: Hibernate ORM core version 6.4.4.Final
-[2m2024-05-16 08:21:29.966[0;39m [32m- INFO[0;39m [35m26300[0;39m [2m---[0;39m [2m[  restartedMain][0;39m [36mo.h.c.internal.RegionFactoryInitiator   [0;39m [2m:[0;39m HHH000026: Second-level cache disabled
-[2m2024-05-16 08:21:30.113[0;39m [32m- INFO[0;39m [35m26300[0;39m [2m---[0;39m [2m[  restartedMain][0;39m [36mo.s.o.j.p.SpringPersistenceUnitInfo     [0;39m [2m:[0;39m No LoadTimeWeaver setup: ignoring JPA class transformer
-[2m2024-05-16 08:21:30.127[0;39m [32m- INFO[0;39m [35m26300[0;39m [2m---[0;39m [2m[  restartedMain][0;39m [36mcom.zaxxer.hikari.HikariDataSource      [0;39m [2m:[0;39m HikariPool-1 - Starting...
-[2m2024-05-16 08:21:30.285[0;39m [32m- INFO[0;39m [35m26300[0;39m [2m---[0;39m [2m[  restartedMain][0;39m [36mcom.zaxxer.hikari.pool.HikariPool       [0;39m [2m:[0;39m HikariPool-1 - Added connection com.mysql.cj.jdbc.ConnectionImpl@227437f5
-[2m2024-05-16 08:21:30.287[0;39m [32m- INFO[0;39m [35m26300[0;39m [2m---[0;39m [2m[  restartedMain][0;39m [36mcom.zaxxer.hikari.HikariDataSource      [0;39m [2m:[0;39m HikariPool-1 - Start completed.
-[2m2024-05-16 08:21:30.869[0;39m [32m- INFO[0;39m [35m26300[0;39m [2m---[0;39m [2m[  restartedMain][0;39m [36mo.h.e.t.j.p.i.JtaPlatformInitiator      [0;39m [2m:[0;39m HHH000489: No JTA platform available (set 'hibernate.transaction.jta.platform' to enable JTA platform integration)
-[2m2024-05-16 08:21:30.928[0;39m [32m- INFO[0;39m [35m26300[0;39m [2m---[0;39m [2m[  restartedMain][0;39m [36mj.LocalContainerEntityManagerFactoryBean[0;39m [2m:[0;39m Initialized JPA EntityManagerFactory for persistence unit 'default'
-[2m2024-05-16 08:21:31.056[0;39m [32m- INFO[0;39m [35m26300[0;39m [2m---[0;39m [2m[  restartedMain][0;39m [36mo.s.d.j.r.query.QueryEnhancerFactory    [0;39m [2m:[0;39m Hibernate is in classpath; If applicable, HQL parser will be used.
-[2m2024-05-16 08:21:31.398[0;39m [33m- WARN[0;39m [35m26300[0;39m [2m---[0;39m [2m[  restartedMain][0;39m [36mJpaBaseConfiguration$JpaWebConfiguration[0;39m [2m:[0;39m spring.jpa.open-in-view is enabled by default. Therefore, database queries may be performed during view rendering. Explicitly configure spring.jpa.open-in-view to disable this warning
-[2m2024-05-16 08:21:31.569[0;39m [32m- INFO[0;39m [35m26300[0;39m [2m---[0;39m [2m[  restartedMain][0;39m [36mo.s.b.d.a.OptionalLiveReloadServer      [0;39m [2m:[0;39m LiveReload server is running on port 35729
-[2m2024-05-16 08:21:31.587[0;39m [32m- INFO[0;39m [35m26300[0;39m [2m---[0;39m [2m[  restartedMain][0;39m [36mo.s.b.w.embedded.tomcat.TomcatWebServer [0;39m [2m:[0;39m Tomcat started on port 1306 (http) with context path ''
-[2m2024-05-16 08:21:31.593[0;39m [32m- INFO[0;39m [35m26300[0;39m [2m---[0;39m [2m[  restartedMain][0;39m [36mc.e.betr_backend.BetrBackendApplication [0;39m [2m:[0;39m Started BetrBackendApplication in 2.961 seconds (process running for 3.714)
-[2m2024-05-16 08:21:43.991[0;39m [32m- INFO[0;39m [35m26300[0;39m [2m---[0;39m [2m[   File Watcher][0;39m [36mrtingClassPathChangeChangedEventListener[0;39m [2m:[0;39m Restarting due to 35 class path changes (0 additions, 34 deletions, 1 modification)
-[2m2024-05-16 08:21:44.001[0;39m [32m- INFO[0;39m [35m26300[0;39m [2m---[0;39m [2m[       Thread-5][0;39m [36mj.LocalContainerEntityManagerFactoryBean[0;39m [2m:[0;39m Closing JPA EntityManagerFactory for persistence unit 'default'
-[2m2024-05-16 08:21:44.003[0;39m [32m- INFO[0;39m [35m26300[0;39m [2m---[0;39m [2m[       Thread-5][0;39m [36mcom.zaxxer.hikari.HikariDataSource      [0;39m [2m:[0;39m HikariPool-1 - Shutdown initiated...
-[2m2024-05-16 08:21:44.008[0;39m [32m- INFO[0;39m [35m26300[0;39m [2m---[0;39m [2m[       Thread-5][0;39m [36mcom.zaxxer.hikari.HikariDataSource      [0;39m [2m:[0;39m HikariPool-1 - Shutdown completed.
-[2m2024-05-16 08:21:44.070[0;39m [32m- INFO[0;39m [35m26300[0;39m [2m---[0;39m [2m[  restartedMain][0;39m [36mc.e.betr_backend.BetrBackendApplication [0;39m [2m:[0;39m Starting BetrBackendApplication using Java 17.0.8.1 with PID 26300 (/home/svp/SPE/betr_backend/target/classes started by svp in /home/svp/SPE/betr_backend)
-[2m2024-05-16 08:21:44.071[0;39m [32m- INFO[0;39m [35m26300[0;39m [2m---[0;39m [2m[  restartedMain][0;39m [36mc.e.betr_backend.BetrBackendApplication [0;39m [2m:[0;39m No active profile set, falling back to 1 default profile: "default"
-[2m2024-05-16 08:21:44.158[0;39m [32m- INFO[0;39m [35m26300[0;39m [2m---[0;39m [2m[  restartedMain][0;39m [36m.s.d.r.c.RepositoryConfigurationDelegate[0;39m [2m:[0;39m Bootstrapping Spring Data JPA repositories in DEFAULT mode.
-[2m2024-05-16 08:21:44.167[0;39m [32m- INFO[0;39m [35m26300[0;39m [2m---[0;39m [2m[  restartedMain][0;39m [36m.s.d.r.c.RepositoryConfigurationDelegate[0;39m [2m:[0;39m Finished Spring Data repository scanning in 8 ms. Found 5 JPA repository interfaces.
-[2m2024-05-16 08:21:44.222[0;39m [32m- INFO[0;39m [35m26300[0;39m [2m---[0;39m [2m[  restartedMain][0;39m [36mo.s.b.w.embedded.tomcat.TomcatWebServer [0;39m [2m:[0;39m Tomcat initialized with port 1306 (http)
-[2m2024-05-16 08:21:44.223[0;39m [32m- INFO[0;39m [35m26300[0;39m [2m---[0;39m [2m[  restartedMain][0;39m [36mo.apache.catalina.core.StandardService  [0;39m [2m:[0;39m Starting service [Tomcat]
-[2m2024-05-16 08:21:44.223[0;39m [32m- INFO[0;39m [35m26300[0;39m [2m---[0;39m [2m[  restartedMain][0;39m [36mo.apache.catalina.core.StandardEngine   [0;39m [2m:[0;39m Starting Servlet engine: [Apache Tomcat/10.1.20]
-[2m2024-05-16 08:21:44.228[0;39m [32m- INFO[0;39m [35m26300[0;39m [2m---[0;39m [2m[  restartedMain][0;39m [36mo.a.c.c.C.[Tomcat].[localhost].[/]      [0;39m [2m:[0;39m Initializing Spring embedded WebApplicationContext
-[2m2024-05-16 08:21:44.228[0;39m [32m- INFO[0;39m [35m26300[0;39m [2m---[0;39m [2m[  restartedMain][0;39m [36mw.s.c.ServletWebServerApplicationContext[0;39m [2m:[0;39m Root WebApplicationContext: initialization completed in 156 ms
-[2m2024-05-16 08:21:44.251[0;39m [32m- INFO[0;39m [35m26300[0;39m [2m---[0;39m [2m[  restartedMain][0;39m [36mo.hibernate.jpa.internal.util.LogHelper [0;39m [2m:[0;39m HHH000204: Processing PersistenceUnitInfo [name: default]
-[2m2024-05-16 08:21:44.252[0;39m [32m- INFO[0;39m [35m26300[0;39m [2m---[0;39m [2m[  restartedMain][0;39m [36mo.h.c.internal.RegionFactoryInitiator   [0;39m [2m:[0;39m HHH000026: Second-level cache disabled
-[2m2024-05-16 08:21:44.255[0;39m [32m- INFO[0;39m [35m26300[0;39m [2m---[0;39m [2m[  restartedMain][0;39m [36mo.s.o.j.p.SpringPersistenceUnitInfo     [0;39m [2m:[0;39m No LoadTimeWeaver setup: ignoring JPA class transformer
-[2m2024-05-16 08:21:44.255[0;39m [32m- INFO[0;39m [35m26300[0;39m [2m---[0;39m [2m[  restartedMain][0;39m [36mcom.zaxxer.hikari.HikariDataSource      [0;39m [2m:[0;39m HikariPool-2 - Starting...
-[2m2024-05-16 08:21:44.269[0;39m [32m- INFO[0;39m [35m26300[0;39m [2m---[0;39m [2m[  restartedMain][0;39m [36mcom.zaxxer.hikari.pool.HikariPool       [0;39m [2m:[0;39m HikariPool-2 - Added connection com.mysql.cj.jdbc.ConnectionImpl@1b15c385
-[2m2024-05-16 08:21:44.269[0;39m [32m- INFO[0;39m [35m26300[0;39m [2m---[0;39m [2m[  restartedMain][0;39m [36mcom.zaxxer.hikari.HikariDataSource      [0;39m [2m:[0;39m HikariPool-2 - Start completed.
-[2m2024-05-16 08:21:44.346[0;39m [32m- INFO[0;39m [35m26300[0;39m [2m---[0;39m [2m[  restartedMain][0;39m [36mo.h.e.t.j.p.i.JtaPlatformInitiator      [0;39m [2m:[0;39m HHH000489: No JTA platform available (set 'hibernate.transaction.jta.platform' to enable JTA platform integration)
-[2m2024-05-16 08:21:44.399[0;39m [32m- INFO[0;39m [35m26300[0;39m [2m---[0;39m [2m[  restartedMain][0;39m [36mj.LocalContainerEntityManagerFactoryBean[0;39m [2m:[0;39m Initialized JPA EntityManagerFactory for persistence unit 'default'
-[2m2024-05-16 08:21:44.527[0;39m [33m- WARN[0;39m [35m26300[0;39m [2m---[0;39m [2m[  restartedMain][0;39m [36mJpaBaseConfiguration$JpaWebConfiguration[0;39m [2m:[0;39m spring.jpa.open-in-view is enabled by default. Therefore, database queries may be performed during view rendering. Explicitly configure spring.jpa.open-in-view to disable this warning
-[2m2024-05-16 08:21:44.600[0;39m [32m- INFO[0;39m [35m26300[0;39m [2m---[0;39m [2m[  restartedMain][0;39m [36mo.s.b.d.a.OptionalLiveReloadServer      [0;39m [2m:[0;39m LiveReload server is running on port 35729
-[2m2024-05-16 08:21:44.610[0;39m [32m- INFO[0;39m [35m26300[0;39m [2m---[0;39m [2m[  restartedMain][0;39m [36mo.s.b.w.embedded.tomcat.TomcatWebServer [0;39m [2m:[0;39m Tomcat started on port 1306 (http) with context path ''
-[2m2024-05-16 08:21:44.614[0;39m [32m- INFO[0;39m [35m26300[0;39m [2m---[0;39m [2m[  restartedMain][0;39m [36mc.e.betr_backend.BetrBackendApplication [0;39m [2m:[0;39m Started BetrBackendApplication in 0.559 seconds (process running for 16.734)
-[2m2024-05-16 08:21:44.615[0;39m [32m- INFO[0;39m [35m26300[0;39m [2m---[0;39m [2m[  restartedMain][0;39m [36m.ConditionEvaluationDeltaLoggingListener[0;39m [2m:[0;39m Condition evaluation unchanged
-2024-05-16 08:21:45.786 - INFO 26482 --- [           main] c.e.b.BetrBackendApplicationTests        : Starting BetrBackendApplicationTests using Java 17.0.8.1 with PID 26482 (started by svp in /home/svp/SPE/betr_backend)
-2024-05-16 08:21:45.788 - INFO 26482 --- [           main] c.e.b.BetrBackendApplicationTests        : No active profile set, falling back to 1 default profile: "default"
-[2m2024-05-16 08:21:46.006[0;39m [32m- INFO[0;39m [35m26300[0;39m [2m---[0;39m [2m[   File Watcher][0;39m [36mrtingClassPathChangeChangedEventListener[0;39m [2m:[0;39m Restarting due to 34 class path changes (34 additions, 0 deletions, 0 modifications)
-[2m2024-05-16 08:21:46.011[0;39m [32m- INFO[0;39m [35m26300[0;39m [2m---[0;39m [2m[       Thread-7][0;39m [36mj.LocalContainerEntityManagerFactoryBean[0;39m [2m:[0;39m Closing JPA EntityManagerFactory for persistence unit 'default'
-[2m2024-05-16 08:21:46.012[0;39m [32m- INFO[0;39m [35m26300[0;39m [2m---[0;39m [2m[       Thread-7][0;39m [36mcom.zaxxer.hikari.HikariDataSource      [0;39m [2m:[0;39m HikariPool-2 - Shutdown initiated...
-[2m2024-05-16 08:21:46.017[0;39m [32m- INFO[0;39m [35m26300[0;39m [2m---[0;39m [2m[       Thread-7][0;39m [36mcom.zaxxer.hikari.HikariDataSource      [0;39m [2m:[0;39m HikariPool-2 - Shutdown completed.
-[2m2024-05-16 08:21:46.089[0;39m [32m- INFO[0;39m [35m26300[0;39m [2m---[0;39m [2m[  restartedMain][0;39m [36mc.e.betr_backend.BetrBackendApplication [0;39m [2m:[0;39m Starting BetrBackendApplication using Java 17.0.8.1 with PID 26300 (/home/svp/SPE/betr_backend/target/classes started by svp in /home/svp/SPE/betr_backend)
-[2m2024-05-16 08:21:46.089[0;39m [32m- INFO[0;39m [35m26300[0;39m [2m---[0;39m [2m[  restartedMain][0;39m [36mc.e.betr_backend.BetrBackendApplication [0;39m [2m:[0;39m No active profile set, falling back to 1 default profile: "default"
-[2m2024-05-16 08:21:46.220[0;39m [32m- INFO[0;39m [35m26300[0;39m [2m---[0;39m [2m[  restartedMain][0;39m [36m.s.d.r.c.RepositoryConfigurationDelegate[0;39m [2m:[0;39m Bootstrapping Spring Data JPA repositories in DEFAULT mode.
-[2m2024-05-16 08:21:46.228[0;39m [32m- INFO[0;39m [35m26300[0;39m [2m---[0;39m [2m[  restartedMain][0;39m [36m.s.d.r.c.RepositoryConfigurationDelegate[0;39m [2m:[0;39m Finished Spring Data repository scanning in 7 ms. Found 5 JPA repository interfaces.
-[2m2024-05-16 08:21:46.280[0;39m [32m- INFO[0;39m [35m26300[0;39m [2m---[0;39m [2m[  restartedMain][0;39m [36mo.s.b.w.embedded.tomcat.TomcatWebServer [0;39m [2m:[0;39m Tomcat initialized with port 1306 (http)
-[2m2024-05-16 08:21:46.280[0;39m [32m- INFO[0;39m [35m26300[0;39m [2m---[0;39m [2m[  restartedMain][0;39m [36mo.apache.catalina.core.StandardService  [0;39m [2m:[0;39m Starting service [Tomcat]
-[2m2024-05-16 08:21:46.281[0;39m [32m- INFO[0;39m [35m26300[0;39m [2m---[0;39m [2m[  restartedMain][0;39m [36mo.apache.catalina.core.StandardEngine   [0;39m [2m:[0;39m Starting Servlet engine: [Apache Tomcat/10.1.20]
-[2m2024-05-16 08:21:46.285[0;39m [32m- INFO[0;39m [35m26300[0;39m [2m---[0;39m [2m[  restartedMain][0;39m [36mo.a.c.c.C.[Tomcat].[localhost].[/]      [0;39m [2m:[0;39m Initializing Spring embedded WebApplicationContext
-[2m2024-05-16 08:21:46.286[0;39m [32m- INFO[0;39m [35m26300[0;39m [2m---[0;39m [2m[  restartedMain][0;39m [36mw.s.c.ServletWebServerApplicationContext[0;39m [2m:[0;39m Root WebApplicationContext: initialization completed in 195 ms
-[2m2024-05-16 08:21:46.309[0;39m [32m- INFO[0;39m [35m26300[0;39m [2m---[0;39m [2m[  restartedMain][0;39m [36mo.hibernate.jpa.internal.util.LogHelper [0;39m [2m:[0;39m HHH000204: Processing PersistenceUnitInfo [name: default]
-[2m2024-05-16 08:21:46.310[0;39m [32m- INFO[0;39m [35m26300[0;39m [2m---[0;39m [2m[  restartedMain][0;39m [36mo.h.c.internal.RegionFactoryInitiator   [0;39m [2m:[0;39m HHH000026: Second-level cache disabled
-[2m2024-05-16 08:21:46.313[0;39m [32m- INFO[0;39m [35m26300[0;39m [2m---[0;39m [2m[  restartedMain][0;39m [36mo.s.o.j.p.SpringPersistenceUnitInfo     [0;39m [2m:[0;39m No LoadTimeWeaver setup: ignoring JPA class transformer
-[2m2024-05-16 08:21:46.314[0;39m [32m- INFO[0;39m [35m26300[0;39m [2m---[0;39m [2m[  restartedMain][0;39m [36mcom.zaxxer.hikari.HikariDataSource      [0;39m [2m:[0;39m HikariPool-3 - Starting...
-2024-05-16 08:21:46.321 - INFO 26482 --- [           main] .s.d.r.c.RepositoryConfigurationDelegate : Bootstrapping Spring Data JPA repositories in DEFAULT mode.
-[2m2024-05-16 08:21:46.328[0;39m [32m- INFO[0;39m [35m26300[0;39m [2m---[0;39m [2m[  restartedMain][0;39m [36mcom.zaxxer.hikari.pool.HikariPool       [0;39m [2m:[0;39m HikariPool-3 - Added connection com.mysql.cj.jdbc.ConnectionImpl@1037377f
-[2m2024-05-16 08:21:46.328[0;39m [32m- INFO[0;39m [35m26300[0;39m [2m---[0;39m [2m[  restartedMain][0;39m [36mcom.zaxxer.hikari.HikariDataSource      [0;39m [2m:[0;39m HikariPool-3 - Start completed.
-2024-05-16 08:21:46.397 - INFO 26482 --- [           main] .s.d.r.c.RepositoryConfigurationDelegate : Finished Spring Data repository scanning in 67 ms. Found 5 JPA repository interfaces.
-[2m2024-05-16 08:21:46.402[0;39m [32m- INFO[0;39m [35m26300[0;39m [2m---[0;39m [2m[  restartedMain][0;39m [36mo.h.e.t.j.p.i.JtaPlatformInitiator      [0;39m [2m:[0;39m HHH000489: No JTA platform available (set 'hibernate.transaction.jta.platform' to enable JTA platform integration)
-[2m2024-05-16 08:21:46.460[0;39m [32m- INFO[0;39m [35m26300[0;39m [2m---[0;39m [2m[  restartedMain][0;39m [36mj.LocalContainerEntityManagerFactoryBean[0;39m [2m:[0;39m Initialized JPA EntityManagerFactory for persistence unit 'default'
-[2m2024-05-16 08:21:46.643[0;39m [33m- WARN[0;39m [35m26300[0;39m [2m---[0;39m [2m[  restartedMain][0;39m [36mJpaBaseConfiguration$JpaWebConfiguration[0;39m [2m:[0;39m spring.jpa.open-in-view is enabled by default. Therefore, database queries may be performed during view rendering. Explicitly configure spring.jpa.open-in-view to disable this warning
-[2m2024-05-16 08:21:46.709[0;39m [32m- INFO[0;39m [35m26300[0;39m [2m---[0;39m [2m[  restartedMain][0;39m [36mo.s.b.d.a.OptionalLiveReloadServer      [0;39m [2m:[0;39m LiveReload server is running on port 35729
-[2m2024-05-16 08:21:46.720[0;39m [32m- INFO[0;39m [35m26300[0;39m [2m---[0;39m [2m[  restartedMain][0;39m [36mo.s.b.w.embedded.tomcat.TomcatWebServer [0;39m [2m:[0;39m Tomcat started on port 1306 (http) with context path ''
-[2m2024-05-16 08:21:46.725[0;39m [32m- INFO[0;39m [35m26300[0;39m [2m---[0;39m [2m[  restartedMain][0;39m [36mc.e.betr_backend.BetrBackendApplication [0;39m [2m:[0;39m Started BetrBackendApplication in 0.662 seconds (process running for 18.846)
-[2m2024-05-16 08:21:46.727[0;39m [32m- INFO[0;39m [35m26300[0;39m [2m---[0;39m [2m[  restartedMain][0;39m [36m.ConditionEvaluationDeltaLoggingListener[0;39m [2m:[0;39m Condition evaluation unchanged
-2024-05-16 08:21:46.777 - INFO 26482 --- [           main] o.hibernate.jpa.internal.util.LogHelper  : HHH000204: Processing PersistenceUnitInfo [name: default]
-2024-05-16 08:21:46.810 - INFO 26482 --- [           main] org.hibernate.Version                    : HHH000412: Hibernate ORM core version 6.4.4.Final
-2024-05-16 08:21:46.836 - INFO 26482 --- [           main] o.h.c.internal.RegionFactoryInitiator    : HHH000026: Second-level cache disabled
-2024-05-16 08:21:46.978 - INFO 26482 --- [           main] o.s.o.j.p.SpringPersistenceUnitInfo      : No LoadTimeWeaver setup: ignoring JPA class transformer
-2024-05-16 08:21:46.994 - INFO 26482 --- [           main] com.zaxxer.hikari.HikariDataSource       : HikariPool-1 - Starting...
-2024-05-16 08:21:47.223 - INFO 26482 --- [           main] com.zaxxer.hikari.pool.HikariPool        : HikariPool-1 - Added connection com.mysql.cj.jdbc.ConnectionImpl@d62472f
-2024-05-16 08:21:47.225 - INFO 26482 --- [           main] com.zaxxer.hikari.HikariDataSource       : HikariPool-1 - Start completed.
-2024-05-16 08:21:47.904 - INFO 26482 --- [           main] o.h.e.t.j.p.i.JtaPlatformInitiator       : HHH000489: No JTA platform available (set 'hibernate.transaction.jta.platform' to enable JTA platform integration)
-2024-05-16 08:21:47.995 - INFO 26482 --- [           main] j.LocalContainerEntityManagerFactoryBean : Initialized JPA EntityManagerFactory for persistence unit 'default'
-2024-05-16 08:21:48.239 - INFO 26482 --- [           main] o.s.d.j.r.query.QueryEnhancerFactory     : Hibernate is in classpath; If applicable, HQL parser will be used.
-2024-05-16 08:21:48.672 - WARN 26482 --- [           main] JpaBaseConfiguration$JpaWebConfiguration : spring.jpa.open-in-view is enabled by default. Therefore, database queries may be performed during view rendering. Explicitly configure spring.jpa.open-in-view to disable this warning
-2024-05-16 08:21:48.899 - INFO 26482 --- [           main] c.e.b.BetrBackendApplicationTests        : Started BetrBackendApplicationTests in 3.36 seconds (process running for 3.989)
-2024-05-16 08:21:49.366 - INFO 26482 --- [ionShutdownHook] j.LocalContainerEntityManagerFactoryBean : Closing JPA EntityManagerFactory for persistence unit 'default'
-2024-05-16 08:21:49.369 - INFO 26482 --- [ionShutdownHook] com.zaxxer.hikari.HikariDataSource       : HikariPool-1 - Shutdown initiated...
-2024-05-16 08:21:49.377 - INFO 26482 --- [ionShutdownHook] com.zaxxer.hikari.HikariDataSource       : HikariPool-1 - Shutdown completed.
-[2m2024-05-16 08:21:55.119[0;39m [32m- INFO[0;39m [35m26300[0;39m [2m---[0;39m [2m[   File Watcher][0;39m [36mrtingClassPathChangeChangedEventListener[0;39m [2m:[0;39m Restarting due to 35 class path changes (0 additions, 35 deletions, 0 modifications)
-[2m2024-05-16 08:21:55.124[0;39m [32m- INFO[0;39m [35m26300[0;39m [2m---[0;39m [2m[      Thread-11][0;39m [36mj.LocalContainerEntityManagerFactoryBean[0;39m [2m:[0;39m Closing JPA EntityManagerFactory for persistence unit 'default'
-[2m2024-05-16 08:21:55.125[0;39m [32m- INFO[0;39m [35m26300[0;39m [2m---[0;39m [2m[      Thread-11][0;39m [36mcom.zaxxer.hikari.HikariDataSource      [0;39m [2m:[0;39m HikariPool-3 - Shutdown initiated...
-[2m2024-05-16 08:21:55.129[0;39m [32m- INFO[0;39m [35m26300[0;39m [2m---[0;39m [2m[      Thread-11][0;39m [36mcom.zaxxer.hikari.HikariDataSource      [0;39m [2m:[0;39m HikariPool-3 - Shutdown completed.
-[2m2024-05-16 09:04:34.811[0;39m [32m- INFO[0;39m [35m29522[0;39m [2m---[0;39m [2m[  restartedMain][0;39m [36mc.e.betr_backend.BetrBackendApplication [0;39m [2m:[0;39m Starting BetrBackendApplication using Java 17.0.8.1 with PID 29522 (/home/svp/SPE/betr_backend/target/classes started by svp in /home/svp/SPE/betr_backend)
-[2m2024-05-16 09:04:34.815[0;39m [32m- INFO[0;39m [35m29522[0;39m [2m---[0;39m [2m[  restartedMain][0;39m [36mc.e.betr_backend.BetrBackendApplication [0;39m [2m:[0;39m No active profile set, falling back to 1 default profile: "default"
-[2m2024-05-16 09:04:34.870[0;39m [32m- INFO[0;39m [35m29522[0;39m [2m---[0;39m [2m[  restartedMain][0;39m [36m.e.DevToolsPropertyDefaultsPostProcessor[0;39m [2m:[0;39m Devtools property defaults active! Set 'spring.devtools.add-properties' to 'false' to disable
-[2m2024-05-16 09:04:34.870[0;39m [32m- INFO[0;39m [35m29522[0;39m [2m---[0;39m [2m[  restartedMain][0;39m [36m.e.DevToolsPropertyDefaultsPostProcessor[0;39m [2m:[0;39m For additional web related logging consider setting the 'logging.level.web' property to 'DEBUG'
-[2m2024-05-16 09:04:35.327[0;39m [32m- INFO[0;39m [35m29522[0;39m [2m---[0;39m [2m[  restartedMain][0;39m [36m.s.d.r.c.RepositoryConfigurationDelegate[0;39m [2m:[0;39m Bootstrapping Spring Data JPA repositories in DEFAULT mode.
-[2m2024-05-16 09:04:35.383[0;39m [32m- INFO[0;39m [35m29522[0;39m [2m---[0;39m [2m[  restartedMain][0;39m [36m.s.d.r.c.RepositoryConfigurationDelegate[0;39m [2m:[0;39m Finished Spring Data repository scanning in 50 ms. Found 5 JPA repository interfaces.
-[2m2024-05-16 09:04:35.703[0;39m [32m- INFO[0;39m [35m29522[0;39m [2m---[0;39m [2m[  restartedMain][0;39m [36mo.s.b.w.embedded.tomcat.TomcatWebServer [0;39m [2m:[0;39m Tomcat initialized with port 1306 (http)
-[2m2024-05-16 09:04:35.712[0;39m [32m- INFO[0;39m [35m29522[0;39m [2m---[0;39m [2m[  restartedMain][0;39m [36mo.apache.catalina.core.StandardService  [0;39m [2m:[0;39m Starting service [Tomcat]
-[2m2024-05-16 09:04:35.712[0;39m [32m- INFO[0;39m [35m29522[0;39m [2m---[0;39m [2m[  restartedMain][0;39m [36mo.apache.catalina.core.StandardEngine   [0;39m [2m:[0;39m Starting Servlet engine: [Apache Tomcat/10.1.20]
-[2m2024-05-16 09:04:35.735[0;39m [32m- INFO[0;39m [35m29522[0;39m [2m---[0;39m [2m[  restartedMain][0;39m [36mo.a.c.c.C.[Tomcat].[localhost].[/]      [0;39m [2m:[0;39m Initializing Spring embedded WebApplicationContext
-[2m2024-05-16 09:04:35.736[0;39m [32m- INFO[0;39m [35m29522[0;39m [2m---[0;39m [2m[  restartedMain][0;39m [36mw.s.c.ServletWebServerApplicationContext[0;39m [2m:[0;39m Root WebApplicationContext: initialization completed in 866 ms
-[2m2024-05-16 09:04:35.823[0;39m [32m- INFO[0;39m [35m29522[0;39m [2m---[0;39m [2m[  restartedMain][0;39m [36mo.hibernate.jpa.internal.util.LogHelper [0;39m [2m:[0;39m HHH000204: Processing PersistenceUnitInfo [name: default]
-[2m2024-05-16 09:04:35.859[0;39m [32m- INFO[0;39m [35m29522[0;39m [2m---[0;39m [2m[  restartedMain][0;39m [36morg.hibernate.Version                   [0;39m [2m:[0;39m HHH000412: Hibernate ORM core version 6.4.4.Final
-[2m2024-05-16 09:04:35.877[0;39m [32m- INFO[0;39m [35m29522[0;39m [2m---[0;39m [2m[  restartedMain][0;39m [36mo.h.c.internal.RegionFactoryInitiator   [0;39m [2m:[0;39m HHH000026: Second-level cache disabled
-[2m2024-05-16 09:04:36.071[0;39m [32m- INFO[0;39m [35m29522[0;39m [2m---[0;39m [2m[  restartedMain][0;39m [36mo.s.o.j.p.SpringPersistenceUnitInfo     [0;39m [2m:[0;39m No LoadTimeWeaver setup: ignoring JPA class transformer
-[2m2024-05-16 09:04:36.086[0;39m [32m- INFO[0;39m [35m29522[0;39m [2m---[0;39m [2m[  restartedMain][0;39m [36mcom.zaxxer.hikari.HikariDataSource      [0;39m [2m:[0;39m HikariPool-1 - Starting...
-[2m2024-05-16 09:04:36.276[0;39m [32m- INFO[0;39m [35m29522[0;39m [2m---[0;39m [2m[  restartedMain][0;39m [36mcom.zaxxer.hikari.pool.HikariPool       [0;39m [2m:[0;39m HikariPool-1 - Added connection com.mysql.cj.jdbc.ConnectionImpl@63346501
-[2m2024-05-16 09:04:36.278[0;39m [32m- INFO[0;39m [35m29522[0;39m [2m---[0;39m [2m[  restartedMain][0;39m [36mcom.zaxxer.hikari.HikariDataSource      [0;39m [2m:[0;39m HikariPool-1 - Start completed.
-[2m2024-05-16 09:04:36.897[0;39m [32m- INFO[0;39m [35m29522[0;39m [2m---[0;39m [2m[  restartedMain][0;39m [36mo.h.e.t.j.p.i.JtaPlatformInitiator      [0;39m [2m:[0;39m HHH000489: No JTA platform available (set 'hibernate.transaction.jta.platform' to enable JTA platform integration)
-[2m2024-05-16 09:04:36.964[0;39m [32m- INFO[0;39m [35m29522[0;39m [2m---[0;39m [2m[  restartedMain][0;39m [36mj.LocalContainerEntityManagerFactoryBean[0;39m [2m:[0;39m Initialized JPA EntityManagerFactory for persistence unit 'default'
-[2m2024-05-16 09:04:37.090[0;39m [32m- INFO[0;39m [35m29522[0;39m [2m---[0;39m [2m[  restartedMain][0;39m [36mo.s.d.j.r.query.QueryEnhancerFactory    [0;39m [2m:[0;39m Hibernate is in classpath; If applicable, HQL parser will be used.
-[2m2024-05-16 09:04:37.445[0;39m [33m- WARN[0;39m [35m29522[0;39m [2m---[0;39m [2m[  restartedMain][0;39m [36mJpaBaseConfiguration$JpaWebConfiguration[0;39m [2m:[0;39m spring.jpa.open-in-view is enabled by default. Therefore, database queries may be performed during view rendering. Explicitly configure spring.jpa.open-in-view to disable this warning
-[2m2024-05-16 09:04:37.619[0;39m [32m- INFO[0;39m [35m29522[0;39m [2m---[0;39m [2m[  restartedMain][0;39m [36mo.s.b.d.a.OptionalLiveReloadServer      [0;39m [2m:[0;39m LiveReload server is running on port 35729
-[2m2024-05-16 09:04:37.638[0;39m [32m- INFO[0;39m [35m29522[0;39m [2m---[0;39m [2m[  restartedMain][0;39m [36mo.s.b.w.embedded.tomcat.TomcatWebServer [0;39m [2m:[0;39m Tomcat started on port 1306 (http) with context path ''
-[2m2024-05-16 09:04:37.644[0;39m [32m- INFO[0;39m [35m29522[0;39m [2m---[0;39m [2m[  restartedMain][0;39m [36mc.e.betr_backend.BetrBackendApplication [0;39m [2m:[0;39m Started BetrBackendApplication in 3.169 seconds (process running for 3.562)
-[2m2024-05-16 09:04:48.437[0;39m [32m- INFO[0;39m [35m29522[0;39m [2m---[0;39m [2m[   File Watcher][0;39m [36mrtingClassPathChangeChangedEventListener[0;39m [2m:[0;39m Restarting due to 35 class path changes (0 additions, 34 deletions, 1 modification)
-[2m2024-05-16 09:04:48.448[0;39m [32m- INFO[0;39m [35m29522[0;39m [2m---[0;39m [2m[       Thread-5][0;39m [36mj.LocalContainerEntityManagerFactoryBean[0;39m [2m:[0;39m Closing JPA EntityManagerFactory for persistence unit 'default'
-[2m2024-05-16 09:04:48.451[0;39m [32m- INFO[0;39m [35m29522[0;39m [2m---[0;39m [2m[       Thread-5][0;39m [36mcom.zaxxer.hikari.HikariDataSource      [0;39m [2m:[0;39m HikariPool-1 - Shutdown initiated...
-[2m2024-05-16 09:04:48.459[0;39m [32m- INFO[0;39m [35m29522[0;39m [2m---[0;39m [2m[       Thread-5][0;39m [36mcom.zaxxer.hikari.HikariDataSource      [0;39m [2m:[0;39m HikariPool-1 - Shutdown completed.
-[2m2024-05-16 09:04:48.541[0;39m [32m- INFO[0;39m [35m29522[0;39m [2m---[0;39m [2m[  restartedMain][0;39m [36mc.e.betr_backend.BetrBackendApplication [0;39m [2m:[0;39m Starting BetrBackendApplication using Java 17.0.8.1 with PID 29522 (/home/svp/SPE/betr_backend/target/classes started by svp in /home/svp/SPE/betr_backend)
-[2m2024-05-16 09:04:48.541[0;39m [32m- INFO[0;39m [35m29522[0;39m [2m---[0;39m [2m[  restartedMain][0;39m [36mc.e.betr_backend.BetrBackendApplication [0;39m [2m:[0;39m No active profile set, falling back to 1 default profile: "default"
-[2m2024-05-16 09:04:48.660[0;39m [32m- INFO[0;39m [35m29522[0;39m [2m---[0;39m [2m[  restartedMain][0;39m [36m.s.d.r.c.RepositoryConfigurationDelegate[0;39m [2m:[0;39m Bootstrapping Spring Data JPA repositories in DEFAULT mode.
-[2m2024-05-16 09:04:48.668[0;39m [32m- INFO[0;39m [35m29522[0;39m [2m---[0;39m [2m[  restartedMain][0;39m [36m.s.d.r.c.RepositoryConfigurationDelegate[0;39m [2m:[0;39m Finished Spring Data repository scanning in 7 ms. Found 2 JPA repository interfaces.
-[2m2024-05-16 09:04:48.722[0;39m [32m- INFO[0;39m [35m29522[0;39m [2m---[0;39m [2m[  restartedMain][0;39m [36mo.s.b.w.embedded.tomcat.TomcatWebServer [0;39m [2m:[0;39m Tomcat initialized with port 1306 (http)
-[2m2024-05-16 09:04:48.723[0;39m [32m- INFO[0;39m [35m29522[0;39m [2m---[0;39m [2m[  restartedMain][0;39m [36mo.apache.catalina.core.StandardService  [0;39m [2m:[0;39m Starting service [Tomcat]
-[2m2024-05-16 09:04:48.723[0;39m [32m- INFO[0;39m [35m29522[0;39m [2m---[0;39m [2m[  restartedMain][0;39m [36mo.apache.catalina.core.StandardEngine   [0;39m [2m:[0;39m Starting Servlet engine: [Apache Tomcat/10.1.20]
-[2m2024-05-16 09:04:48.728[0;39m [32m- INFO[0;39m [35m29522[0;39m [2m---[0;39m [2m[  restartedMain][0;39m [36mo.a.c.c.C.[Tomcat].[localhost].[/]      [0;39m [2m:[0;39m Initializing Spring embedded WebApplicationContext
-[2m2024-05-16 09:04:48.728[0;39m [32m- INFO[0;39m [35m29522[0;39m [2m---[0;39m [2m[  restartedMain][0;39m [36mw.s.c.ServletWebServerApplicationContext[0;39m [2m:[0;39m Root WebApplicationContext: initialization completed in 184 ms
-[2m2024-05-16 09:04:48.752[0;39m [32m- INFO[0;39m [35m29522[0;39m [2m---[0;39m [2m[  restartedMain][0;39m [36mo.hibernate.jpa.internal.util.LogHelper [0;39m [2m:[0;39m HHH000204: Processing PersistenceUnitInfo [name: default]
-[2m2024-05-16 09:04:48.754[0;39m [32m- INFO[0;39m [35m29522[0;39m [2m---[0;39m [2m[  restartedMain][0;39m [36mo.h.c.internal.RegionFactoryInitiator   [0;39m [2m:[0;39m HHH000026: Second-level cache disabled
-[2m2024-05-16 09:04:48.757[0;39m [32m- INFO[0;39m [35m29522[0;39m [2m---[0;39m [2m[  restartedMain][0;39m [36mo.s.o.j.p.SpringPersistenceUnitInfo     [0;39m [2m:[0;39m No LoadTimeWeaver setup: ignoring JPA class transformer
-[2m2024-05-16 09:04:48.758[0;39m [32m- INFO[0;39m [35m29522[0;39m [2m---[0;39m [2m[  restartedMain][0;39m [36mcom.zaxxer.hikari.HikariDataSource      [0;39m [2m:[0;39m HikariPool-2 - Starting...
-[2m2024-05-16 09:04:48.780[0;39m [32m- INFO[0;39m [35m29522[0;39m [2m---[0;39m [2m[  restartedMain][0;39m [36mcom.zaxxer.hikari.pool.HikariPool       [0;39m [2m:[0;39m HikariPool-2 - Added connection com.mysql.cj.jdbc.ConnectionImpl@180b40ac
-[2m2024-05-16 09:04:48.781[0;39m [32m- INFO[0;39m [35m29522[0;39m [2m---[0;39m [2m[  restartedMain][0;39m [36mcom.zaxxer.hikari.HikariDataSource      [0;39m [2m:[0;39m HikariPool-2 - Start completed.
-[2m2024-05-16 09:04:48.914[0;39m [32m- INFO[0;39m [35m29522[0;39m [2m---[0;39m [2m[  restartedMain][0;39m [36mo.h.e.t.j.p.i.JtaPlatformInitiator      [0;39m [2m:[0;39m HHH000489: No JTA platform available (set 'hibernate.transaction.jta.platform' to enable JTA platform integration)
-[2m2024-05-16 09:04:48.958[0;39m [32m- INFO[0;39m [35m29522[0;39m [2m---[0;39m [2m[  restartedMain][0;39m [36mj.LocalContainerEntityManagerFactoryBean[0;39m [2m:[0;39m Initialized JPA EntityManagerFactory for persistence unit 'default'
-[2m2024-05-16 09:04:48.979[0;39m [33m- WARN[0;39m [35m29522[0;39m [2m---[0;39m [2m[  restartedMain][0;39m [36mJpaBaseConfiguration$JpaWebConfiguration[0;39m [2m:[0;39m spring.jpa.open-in-view is enabled by default. Therefore, database queries may be performed during view rendering. Explicitly configure spring.jpa.open-in-view to disable this warning
-[2m2024-05-16 09:04:49.121[0;39m [32m- INFO[0;39m [35m29522[0;39m [2m---[0;39m [2m[  restartedMain][0;39m [36mo.s.b.d.a.OptionalLiveReloadServer      [0;39m [2m:[0;39m LiveReload server is running on port 35729
-[2m2024-05-16 09:04:49.129[0;39m [32m- INFO[0;39m [35m29522[0;39m [2m---[0;39m [2m[  restartedMain][0;39m [36mo.s.b.w.embedded.tomcat.TomcatWebServer [0;39m [2m:[0;39m Tomcat started on port 1306 (http) with context path ''
-[2m2024-05-16 09:04:49.134[0;39m [32m- INFO[0;39m [35m29522[0;39m [2m---[0;39m [2m[  restartedMain][0;39m [36mc.e.betr_backend.BetrBackendApplication [0;39m [2m:[0;39m Started BetrBackendApplication in 0.627 seconds (process running for 15.052)
-[2m2024-05-16 09:04:49.136[0;39m [32m- INFO[0;39m [35m29522[0;39m [2m---[0;39m [2m[  restartedMain][0;39m [36m.ConditionEvaluationDeltaLoggingListener[0;39m [2m:[0;39m Condition evaluation unchanged
-[2m2024-05-16 09:04:50.524[0;39m [32m- INFO[0;39m [35m29522[0;39m [2m---[0;39m [2m[   File Watcher][0;39m [36mrtingClassPathChangeChangedEventListener[0;39m [2m:[0;39m Restarting due to 34 class path changes (34 additions, 0 deletions, 0 modifications)
-[2m2024-05-16 09:04:50.527[0;39m [32m- INFO[0;39m [35m29522[0;39m [2m---[0;39m [2m[       Thread-7][0;39m [36mj.LocalContainerEntityManagerFactoryBean[0;39m [2m:[0;39m Closing JPA EntityManagerFactory for persistence unit 'default'
-[2m2024-05-16 09:04:50.528[0;39m [32m- INFO[0;39m [35m29522[0;39m [2m---[0;39m [2m[       Thread-7][0;39m [36mcom.zaxxer.hikari.HikariDataSource      [0;39m [2m:[0;39m HikariPool-2 - Shutdown initiated...
-[2m2024-05-16 09:04:50.532[0;39m [32m- INFO[0;39m [35m29522[0;39m [2m---[0;39m [2m[       Thread-7][0;39m [36mcom.zaxxer.hikari.HikariDataSource      [0;39m [2m:[0;39m HikariPool-2 - Shutdown completed.
-2024-05-16 09:04:50.534 - INFO 29712 --- [           main] c.e.b.BetrBackendApplicationTests        : Starting BetrBackendApplicationTests using Java 17.0.8.1 with PID 29712 (started by svp in /home/svp/SPE/betr_backend)
-2024-05-16 09:04:50.537 - INFO 29712 --- [           main] c.e.b.BetrBackendApplicationTests        : No active profile set, falling back to 1 default profile: "default"
-[2m2024-05-16 09:04:50.612[0;39m [32m- INFO[0;39m [35m29522[0;39m [2m---[0;39m [2m[  restartedMain][0;39m [36mc.e.betr_backend.BetrBackendApplication [0;39m [2m:[0;39m Starting BetrBackendApplication using Java 17.0.8.1 with PID 29522 (/home/svp/SPE/betr_backend/target/classes started by svp in /home/svp/SPE/betr_backend)
-[2m2024-05-16 09:04:50.613[0;39m [32m- INFO[0;39m [35m29522[0;39m [2m---[0;39m [2m[  restartedMain][0;39m [36mc.e.betr_backend.BetrBackendApplication [0;39m [2m:[0;39m No active profile set, falling back to 1 default profile: "default"
-[2m2024-05-16 09:04:50.733[0;39m [32m- INFO[0;39m [35m29522[0;39m [2m---[0;39m [2m[  restartedMain][0;39m [36m.s.d.r.c.RepositoryConfigurationDelegate[0;39m [2m:[0;39m Bootstrapping Spring Data JPA repositories in DEFAULT mode.
-[2m2024-05-16 09:04:50.741[0;39m [32m- INFO[0;39m [35m29522[0;39m [2m---[0;39m [2m[  restartedMain][0;39m [36m.s.d.r.c.RepositoryConfigurationDelegate[0;39m [2m:[0;39m Finished Spring Data repository scanning in 7 ms. Found 5 JPA repository interfaces.
-[2m2024-05-16 09:04:50.797[0;39m [32m- INFO[0;39m [35m29522[0;39m [2m---[0;39m [2m[  restartedMain][0;39m [36mo.s.b.w.embedded.tomcat.TomcatWebServer [0;39m [2m:[0;39m Tomcat initialized with port 1306 (http)
-[2m2024-05-16 09:04:50.798[0;39m [32m- INFO[0;39m [35m29522[0;39m [2m---[0;39m [2m[  restartedMain][0;39m [36mo.apache.catalina.core.StandardService  [0;39m [2m:[0;39m Starting service [Tomcat]
-[2m2024-05-16 09:04:50.798[0;39m [32m- INFO[0;39m [35m29522[0;39m [2m---[0;39m [2m[  restartedMain][0;39m [36mo.apache.catalina.core.StandardEngine   [0;39m [2m:[0;39m Starting Servlet engine: [Apache Tomcat/10.1.20]
-[2m2024-05-16 09:04:50.803[0;39m [32m- INFO[0;39m [35m29522[0;39m [2m---[0;39m [2m[  restartedMain][0;39m [36mo.a.c.c.C.[Tomcat].[localhost].[/]      [0;39m [2m:[0;39m Initializing Spring embedded WebApplicationContext
-[2m2024-05-16 09:04:50.803[0;39m [32m- INFO[0;39m [35m29522[0;39m [2m---[0;39m [2m[  restartedMain][0;39m [36mw.s.c.ServletWebServerApplicationContext[0;39m [2m:[0;39m Root WebApplicationContext: initialization completed in 188 ms
-[2m2024-05-16 09:04:50.824[0;39m [32m- INFO[0;39m [35m29522[0;39m [2m---[0;39m [2m[  restartedMain][0;39m [36mo.hibernate.jpa.internal.util.LogHelper [0;39m [2m:[0;39m HHH000204: Processing PersistenceUnitInfo [name: default]
-[2m2024-05-16 09:04:50.826[0;39m [32m- INFO[0;39m [35m29522[0;39m [2m---[0;39m [2m[  restartedMain][0;39m [36mo.h.c.internal.RegionFactoryInitiator   [0;39m [2m:[0;39m HHH000026: Second-level cache disabled
-[2m2024-05-16 09:04:50.828[0;39m [32m- INFO[0;39m [35m29522[0;39m [2m---[0;39m [2m[  restartedMain][0;39m [36mo.s.o.j.p.SpringPersistenceUnitInfo     [0;39m [2m:[0;39m No LoadTimeWeaver setup: ignoring JPA class transformer
-[2m2024-05-16 09:04:50.829[0;39m [32m- INFO[0;39m [35m29522[0;39m [2m---[0;39m [2m[  restartedMain][0;39m [36mcom.zaxxer.hikari.HikariDataSource      [0;39m [2m:[0;39m HikariPool-3 - Starting...
-[2m2024-05-16 09:04:50.848[0;39m [32m- INFO[0;39m [35m29522[0;39m [2m---[0;39m [2m[  restartedMain][0;39m [36mcom.zaxxer.hikari.pool.HikariPool       [0;39m [2m:[0;39m HikariPool-3 - Added connection com.mysql.cj.jdbc.ConnectionImpl@6eaee6ea
-[2m2024-05-16 09:04:50.848[0;39m [32m- INFO[0;39m [35m29522[0;39m [2m---[0;39m [2m[  restartedMain][0;39m [36mcom.zaxxer.hikari.HikariDataSource      [0;39m [2m:[0;39m HikariPool-3 - Start completed.
-[2m2024-05-16 09:04:50.966[0;39m [32m- INFO[0;39m [35m29522[0;39m [2m---[0;39m [2m[  restartedMain][0;39m [36mo.h.e.t.j.p.i.JtaPlatformInitiator      [0;39m [2m:[0;39m HHH000489: No JTA platform available (set 'hibernate.transaction.jta.platform' to enable JTA platform integration)
-[2m2024-05-16 09:04:51.021[0;39m [32m- INFO[0;39m [35m29522[0;39m [2m---[0;39m [2m[  restartedMain][0;39m [36mj.LocalContainerEntityManagerFactoryBean[0;39m [2m:[0;39m Initialized JPA EntityManagerFactory for persistence unit 'default'
-2024-05-16 09:04:51.178 - INFO 29712 --- [           main] .s.d.r.c.RepositoryConfigurationDelegate : Bootstrapping Spring Data JPA repositories in DEFAULT mode.
-[2m2024-05-16 09:04:51.216[0;39m [33m- WARN[0;39m [35m29522[0;39m [2m---[0;39m [2m[  restartedMain][0;39m [36mJpaBaseConfiguration$JpaWebConfiguration[0;39m [2m:[0;39m spring.jpa.open-in-view is enabled by default. Therefore, database queries may be performed during view rendering. Explicitly configure spring.jpa.open-in-view to disable this warning
-2024-05-16 09:04:51.230 - INFO 29712 --- [           main] .s.d.r.c.RepositoryConfigurationDelegate : Finished Spring Data repository scanning in 45 ms. Found 5 JPA repository interfaces.
-[2m2024-05-16 09:04:51.298[0;39m [32m- INFO[0;39m [35m29522[0;39m [2m---[0;39m [2m[  restartedMain][0;39m [36mo.s.b.d.a.OptionalLiveReloadServer      [0;39m [2m:[0;39m LiveReload server is running on port 35729
-[2m2024-05-16 09:04:51.307[0;39m [32m- INFO[0;39m [35m29522[0;39m [2m---[0;39m [2m[  restartedMain][0;39m [36mo.s.b.w.embedded.tomcat.TomcatWebServer [0;39m [2m:[0;39m Tomcat started on port 1306 (http) with context path ''
-[2m2024-05-16 09:04:51.312[0;39m [32m- INFO[0;39m [35m29522[0;39m [2m---[0;39m [2m[  restartedMain][0;39m [36mc.e.betr_backend.BetrBackendApplication [0;39m [2m:[0;39m Started BetrBackendApplication in 0.726 seconds (process running for 17.23)
-[2m2024-05-16 09:04:51.313[0;39m [32m- INFO[0;39m [35m29522[0;39m [2m---[0;39m [2m[  restartedMain][0;39m [36m.ConditionEvaluationDeltaLoggingListener[0;39m [2m:[0;39m Condition evaluation unchanged
-2024-05-16 09:04:51.493 - INFO 29712 --- [           main] o.hibernate.jpa.internal.util.LogHelper  : HHH000204: Processing PersistenceUnitInfo [name: default]
-2024-05-16 09:04:51.525 - INFO 29712 --- [           main] org.hibernate.Version                    : HHH000412: Hibernate ORM core version 6.4.4.Final
-2024-05-16 09:04:51.549 - INFO 29712 --- [           main] o.h.c.internal.RegionFactoryInitiator    : HHH000026: Second-level cache disabled
-2024-05-16 09:04:51.691 - INFO 29712 --- [           main] o.s.o.j.p.SpringPersistenceUnitInfo      : No LoadTimeWeaver setup: ignoring JPA class transformer
-2024-05-16 09:04:51.710 - INFO 29712 --- [           main] com.zaxxer.hikari.HikariDataSource       : HikariPool-1 - Starting...
-2024-05-16 09:04:51.967 - INFO 29712 --- [           main] com.zaxxer.hikari.pool.HikariPool        : HikariPool-1 - Added connection com.mysql.cj.jdbc.ConnectionImpl@63a84bb6
-2024-05-16 09:04:51.968 - INFO 29712 --- [           main] com.zaxxer.hikari.HikariDataSource       : HikariPool-1 - Start completed.
-2024-05-16 09:04:52.649 - INFO 29712 --- [           main] o.h.e.t.j.p.i.JtaPlatformInitiator       : HHH000489: No JTA platform available (set 'hibernate.transaction.jta.platform' to enable JTA platform integration)
-2024-05-16 09:04:52.742 - INFO 29712 --- [           main] j.LocalContainerEntityManagerFactoryBean : Initialized JPA EntityManagerFactory for persistence unit 'default'
-2024-05-16 09:04:52.970 - INFO 29712 --- [           main] o.s.d.j.r.query.QueryEnhancerFactory     : Hibernate is in classpath; If applicable, HQL parser will be used.
-2024-05-16 09:04:53.409 - WARN 29712 --- [           main] JpaBaseConfiguration$JpaWebConfiguration : spring.jpa.open-in-view is enabled by default. Therefore, database queries may be performed during view rendering. Explicitly configure spring.jpa.open-in-view to disable this warning
-2024-05-16 09:04:53.650 - INFO 29712 --- [           main] c.e.b.BetrBackendApplicationTests        : Started BetrBackendApplicationTests in 3.35 seconds (process running for 4.057)
-2024-05-16 09:04:54.187 - INFO 29712 --- [ionShutdownHook] j.LocalContainerEntityManagerFactoryBean : Closing JPA EntityManagerFactory for persistence unit 'default'
-2024-05-16 09:04:54.190 - INFO 29712 --- [ionShutdownHook] com.zaxxer.hikari.HikariDataSource       : HikariPool-1 - Shutdown initiated...
-2024-05-16 09:04:54.203 - INFO 29712 --- [ionShutdownHook] com.zaxxer.hikari.HikariDataSource       : HikariPool-1 - Shutdown completed.
-[2m2024-05-16 09:05:01.714[0;39m [32m- INFO[0;39m [35m29522[0;39m [2m---[0;39m [2m[   File Watcher][0;39m [36mrtingClassPathChangeChangedEventListener[0;39m [2m:[0;39m Restarting due to 35 class path changes (0 additions, 35 deletions, 0 modifications)
-[2m2024-05-16 09:05:01.721[0;39m [32m- INFO[0;39m [35m29522[0;39m [2m---[0;39m [2m[      Thread-11][0;39m [36mj.LocalContainerEntityManagerFactoryBean[0;39m [2m:[0;39m Closing JPA EntityManagerFactory for persistence unit 'default'
-[2m2024-05-16 09:05:01.722[0;39m [32m- INFO[0;39m [35m29522[0;39m [2m---[0;39m [2m[      Thread-11][0;39m [36mcom.zaxxer.hikari.HikariDataSource      [0;39m [2m:[0;39m HikariPool-3 - Shutdown initiated...
-[2m2024-05-16 09:05:01.729[0;39m [32m- INFO[0;39m [35m29522[0;39m [2m---[0;39m [2m[      Thread-11][0;39m [36mcom.zaxxer.hikari.HikariDataSource      [0;39m [2m:[0;39m HikariPool-3 - Shutdown completed.
-